{"logTime": "1204/184112", "correlationVector":"FumTRQtxfhz7SpOkuTpAND.9","action":"GetUpdates", "result":"DeleteReceived", "context":{"id":"ba8c6dd5-c679-4bf9-8f3a-dcdf276f6664", "isDeleted:":"true", "version":"1700548768079"}}
{"logTime": "1204/184112", "correlationVector":"FumTRQtxfhz7SpOkuTpAND.10","action":"GetUpdates", "result":"DeleteReceived", "context":{"id":"0d9549ec-dc8c-44fa-a8b0-3999833ed965", "isDeleted:":"true", "version":"1700549546486"}}
{"logTime": "1204/184112", "correlationVector":"FumTRQtxfhz7SpOkuTpAND.11","action":"GetUpdates", "result":"DeleteReceived", "context":{"id":"60686a08-d443-49de-bd6a-95512f5a61f3", "isDeleted:":"true", "version":"1700549858270"}}
{"logTime": "1204/184112", "correlationVector":"FumTRQtxfhz7SpOkuTpAND.12","action":"GetUpdates", "result":"DeleteReceived", "context":{"id":"38f48358-2a7f-45f8-a5e7-d524fbf21df3", "isDeleted:":"true", "version":"1700549858271"}}
{"logTime": "1204/184112", "correlationVector":"FumTRQtxfhz7SpOkuTpAND.13","action":"GetUpdates", "result":"DeleteReceived", "context":{"id":"156064b7-ea80-4857-9176-9ddb043f0539", "isDeleted:":"true", "version":"1700550007173"}}
{"logTime": "1204/184112", "correlationVector":"FumTRQtxfhz7SpOkuTpAND.14","action":"GetUpdates", "result":"DeleteReceived", "context":{"id":"70acc515-f67e-4976-8cf3-b19bfacbcdfc", "isDeleted:":"true", "version":"1700550110827"}}
{"logTime": "1204/184112", "correlationVector":"FumTRQtxfhz7SpOkuTpAND.15","action":"GetUpdates", "result":"DeleteReceived", "context":{"id":"5d89e751-e84c-4c74-a5fc-6e6538d2a681", "isDeleted:":"true", "version":"1700550110828"}}
{"logTime": "1204/184112", "correlationVector":"FumTRQtxfhz7SpOkuTpAND.16","action":"GetUpdates", "result":"DeleteReceived", "context":{"id":"879cd3d8-6d3f-4a50-8702-608e0c8065c2", "isDeleted:":"true", "version":"1700553966585"}}
{"logTime": "1204/184112", "correlationVector":"FumTRQtxfhz7SpOkuTpAND.17","action":"GetUpdates", "result":"DeleteReceived", "context":{"id":"64b7e841-41af-44f2-ac51-8e11e43d4e2b", "isDeleted:":"true", "version":"1700553966587"}}
{"logTime": "1204/184112", "correlationVector":"FumTRQtxfhz7SpOkuTpAND.18","action":"GetUpdates", "result":"DeleteReceived", "context":{"id":"0e903af8-3df5-4502-a5a1-01c4ea1a7917", "isDeleted:":"true", "version":"1700591394828"}}
{"logTime": "1204/184112", "correlationVector":"FumTRQtxfhz7SpOkuTpAND.19","action":"GetUpdates", "result":"DeleteReceived", "context":{"id":"b1fac24c-3c6d-4e2f-891a-cf3f1e3dbefe", "isDeleted:":"true", "version":"1700591394829"}}
{"logTime": "1204/184112", "correlationVector":"FumTRQtxfhz7SpOkuTpAND.20","action":"GetUpdates", "result":"DeleteReceived", "context":{"id":"872795e9-0864-48f7-b74e-d9c8b11388e8", "isDeleted:":"true", "version":"1700594351834"}}
{"logTime": "1204/184112", "correlationVector":"FumTRQtxfhz7SpOkuTpAND.21","action":"GetUpdates", "result":"DeleteReceived", "context":{"id":"7b0e8f62-8195-479a-8a93-6c0eb6c63cf5", "isDeleted:":"true", "version":"1700594721729"}}
{"logTime": "1204/184112", "correlationVector":"FumTRQtxfhz7SpOkuTpAND.22","action":"GetUpdates", "result":"DeleteReceived", "context":{"id":"fa6e70ec-fe62-4902-81a7-2536c356f52e", "isDeleted:":"true", "version":"1700594721730"}}
{"logTime": "1204/184112", "correlationVector":"FumTRQtxfhz7SpOkuTpAND.23","action":"GetUpdates", "result":"DeleteReceived", "context":{"id":"18900e41-d293-4fc3-be05-cfb19adb19dc", "isDeleted:":"true", "version":"1700594721731"}}
{"logTime": "1204/184112", "correlationVector":"FumTRQtxfhz7SpOkuTpAND.24","action":"GetUpdates", "result":"DeleteReceived", "context":{"id":"976eea57-e913-470b-8dea-e0e010fbfe0c", "isDeleted:":"true", "version":"1700602795366"}}
{"logTime": "1204/184112", "correlationVector":"FumTRQtxfhz7SpOkuTpAND.25","action":"GetUpdates", "result":"DeleteReceived", "context":{"id":"88428f22-a666-4e1e-8967-edf921fd97c6", "isDeleted:":"true", "version":"1700615474959"}}
{"logTime": "1204/184112", "correlationVector":"FumTRQtxfhz7SpOkuTpAND.26","action":"GetUpdates", "result":"DeleteReceived", "context":{"id":"e57382e3-0f9e-4fa8-8525-d48160b95932", "isDeleted:":"true", "version":"1700615474960"}}
{"logTime": "1204/184112", "correlationVector":"FumTRQtxfhz7SpOkuTpAND.27","action":"GetUpdates", "result":"DeleteReceived", "context":{"id":"39bee4d2-760d-4fd1-918f-853fa7031d55", "isDeleted:":"true", "version":"1700615474962"}}
{"logTime": "1204/184112", "correlationVector":"FumTRQtxfhz7SpOkuTpAND.28","action":"GetUpdates", "result":"DeleteReceived", "context":{"id":"59071c8e-e0a8-44a0-940a-f1455d2c9c27", "isDeleted:":"true", "version":"1700615474963"}}
{"logTime": "1204/184112", "correlationVector":"FumTRQtxfhz7SpOkuTpAND.29","action":"GetUpdates", "result":"DeleteReceived", "context":{"id":"c27f39ef-c957-435e-9b9e-945fd17176c6", "isDeleted:":"true", "version":"1700619237898"}}
{"logTime": "1204/184112", "correlationVector":"FumTRQtxfhz7SpOkuTpAND.30","action":"GetUpdates", "result":"DeleteReceived", "context":{"id":"541accd2-a72b-4b8c-8dc0-fdf64c034c8f", "isDeleted:":"true", "version":"1700619782866"}}
{"logTime": "1204/184112", "correlationVector":"FumTRQtxfhz7SpOkuTpAND.31","action":"GetUpdates", "result":"DeleteReceived", "context":{"id":"48645f50-0d0d-49b4-bc05-c22b31145dd5", "isDeleted:":"true", "version":"1700619840829"}}
{"logTime": "1204/184112", "correlationVector":"FumTRQtxfhz7SpOkuTpAND.32","action":"GetUpdates", "result":"DeleteReceived", "context":{"id":"763c2481-1482-43c2-b201-38c183bf40ef", "isDeleted:":"true", "version":"1700623577599"}}
{"logTime": "1204/184112", "correlationVector":"FumTRQtxfhz7SpOkuTpAND.33","action":"GetUpdates", "result":"DeleteReceived", "context":{"id":"906af46a-cd6d-4286-8963-32146a71cc60", "isDeleted:":"true", "version":"1700627653559"}}
{"logTime": "1204/184112", "correlationVector":"FumTRQtxfhz7SpOkuTpAND.34","action":"GetUpdates", "result":"DeleteReceived", "context":{"id":"463d0757-cade-41c5-9167-e6551bd2603b", "isDeleted:":"true", "version":"1700627653560"}}
{"logTime": "1204/184112", "correlationVector":"FumTRQtxfhz7SpOkuTpAND.35","action":"GetUpdates", "result":"DeleteReceived", "context":{"id":"4c76edfd-f4ce-41ad-8cdf-dca67e1ceea2", "isDeleted:":"true", "version":"1700627812993"}}
{"logTime": "1204/184112", "correlationVector":"FumTRQtxfhz7SpOkuTpAND.36","action":"GetUpdates", "result":"DeleteReceived", "context":{"id":"39162498-fab1-402b-bf07-8430131874d3", "isDeleted:":"true", "version":"1700633089543"}}
{"logTime": "1204/184112", "correlationVector":"FumTRQtxfhz7SpOkuTpAND.37","action":"GetUpdates", "result":"DeleteReceived", "context":{"id":"7512d783-6b81-4dae-b5f7-ac7e3617e678", "isDeleted:":"true", "version":"1700633089544"}}
{"logTime": "1204/184112", "correlationVector":"FumTRQtxfhz7SpOkuTpAND.38","action":"GetUpdates", "result":"DeleteReceived", "context":{"id":"686aa54d-4e3e-4af1-8297-16042ecc8853", "isDeleted:":"true", "version":"1700633483914"}}
{"logTime": "1204/184112", "correlationVector":"FumTRQtxfhz7SpOkuTpAND.39","action":"GetUpdates", "result":"DeleteReceived", "context":{"id":"3870c475-4c49-4c14-b3a6-1689367fc303", "isDeleted:":"true", "version":"1700636340145"}}
{"logTime": "1204/184112", "correlationVector":"FumTRQtxfhz7SpOkuTpAND.40","action":"GetUpdates", "result":"DeleteReceived", "context":{"id":"ae528bc9-1af0-46a4-8df1-1247ffdafe93", "isDeleted:":"true", "version":"1700636371055"}}
{"logTime": "1204/184112", "correlationVector":"FumTRQtxfhz7SpOkuTpAND.41","action":"GetUpdates", "result":"DeleteReceived", "context":{"id":"46971e88-827c-4396-a46e-27d9057a0cb9", "isDeleted:":"true", "version":"1700636371057"}}
{"logTime": "1204/184112", "correlationVector":"FumTRQtxfhz7SpOkuTpAND.42","action":"GetUpdates", "result":"DeleteReceived", "context":{"id":"02486191-a306-4ad0-a90d-22a95bd07bd3", "isDeleted:":"true", "version":"1700636371058"}}
{"logTime": "1204/184112", "correlationVector":"FumTRQtxfhz7SpOkuTpAND.43","action":"GetUpdates", "result":"DeleteReceived", "context":{"id":"1771d198-78a9-487c-ae5a-0be2f7bf023c", "isDeleted:":"true", "version":"1700636371059"}}
{"logTime": "1204/184112", "correlationVector":"FumTRQtxfhz7SpOkuTpAND.44","action":"GetUpdates", "result":"DeleteReceived", "context":{"id":"9cfd55ab-0f4f-4e25-8de8-18531829923c", "isDeleted:":"true", "version":"1700637548669"}}
{"logTime": "1204/184112", "correlationVector":"FumTRQtxfhz7SpOkuTpAND.45","action":"GetUpdates", "result":"DeleteReceived", "context":{"id":"9751998b-b6b0-4e17-9199-0eaceca252ab", "isDeleted:":"true", "version":"1700637684505"}}
{"logTime": "1204/184112", "correlationVector":"FumTRQtxfhz7SpOkuTpAND.46","action":"GetUpdates", "result":"DeleteReceived", "context":{"id":"63e85a99-5977-49e8-8306-59f2276124a3", "isDeleted:":"true", "version":"1700642555657"}}
{"logTime": "1204/184112", "correlationVector":"FumTRQtxfhz7SpOkuTpAND.47","action":"GetUpdates", "result":"DeleteReceived", "context":{"id":"a6078aff-85b0-40e1-b50a-d3bb89cdba7a", "isDeleted:":"true", "version":"1700689538980"}}
{"logTime": "1204/184112", "correlationVector":"FumTRQtxfhz7SpOkuTpAND.48","action":"GetUpdates", "result":"DeleteReceived", "context":{"id":"ab721767-7fed-4b98-ad0d-357dbd2b943e", "isDeleted:":"true", "version":"1700689538981"}}
{"logTime": "1204/184112", "correlationVector":"FumTRQtxfhz7SpOkuTpAND.49","action":"GetUpdates", "result":"DeleteReceived", "context":{"id":"de05014f-7304-4ad7-b73c-d8074f7cff2c", "isDeleted:":"true", "version":"1700689538982"}}
{"logTime": "1204/184112", "correlationVector":"FumTRQtxfhz7SpOkuTpAND.50","action":"GetUpdates", "result":"DeleteReceived", "context":{"id":"d6abeee7-df99-4682-82df-667b43b2f087", "isDeleted:":"true", "version":"1700689538984"}}
{"logTime": "1204/184112", "correlationVector":"FumTRQtxfhz7SpOkuTpAND.51","action":"GetUpdates", "result":"DeleteReceived", "context":{"id":"12e4bd68-0754-460b-99be-81770fb20423", "isDeleted:":"true", "version":"1700697682262"}}
{"logTime": "1204/184112", "correlationVector":"FumTRQtxfhz7SpOkuTpAND.52","action":"GetUpdates", "result":"DeleteReceived", "context":{"id":"9f4c1d79-5965-47ff-9511-896cc80b5015", "isDeleted:":"true", "version":"1700697696643"}}
{"logTime": "1204/184112", "correlationVector":"FumTRQtxfhz7SpOkuTpAND.53","action":"GetUpdates", "result":"DeleteReceived", "context":{"id":"924ca4f7-0cd2-43b3-a54a-d9fc02ef9035", "isDeleted:":"true", "version":"1700714089887"}}
{"logTime": "1204/184112", "correlationVector":"FumTRQtxfhz7SpOkuTpAND.54","action":"GetUpdates", "result":"DeleteReceived", "context":{"id":"398f39e9-8495-4ca0-b375-5db9d37b6ff3", "isDeleted:":"true", "version":"1700714153887"}}
{"logTime": "1204/184112", "correlationVector":"FumTRQtxfhz7SpOkuTpAND.55","action":"GetUpdates", "result":"DeleteReceived", "context":{"id":"e976fa4f-9406-4b5f-8cf7-beb91fc250e7", "isDeleted:":"true", "version":"1700718873395"}}
{"logTime": "1204/184112", "correlationVector":"FumTRQtxfhz7SpOkuTpAND.56","action":"GetUpdates", "result":"DeleteReceived", "context":{"id":"edd710b1-ee4b-43dd-a224-6ee3429ab2ee", "isDeleted:":"true", "version":"1700719263171"}}
{"logTime": "1204/184112", "correlationVector":"FumTRQtxfhz7SpOkuTpAND.57","action":"GetUpdates", "result":"DeleteReceived", "context":{"id":"b0908294-8f16-4b6b-94cb-32e7173c7d65", "isDeleted:":"true", "version":"1700719263172"}}
{"logTime": "1204/184112", "correlationVector":"FumTRQtxfhz7SpOkuTpAND.58","action":"GetUpdates", "result":"DeleteReceived", "context":{"id":"ac4307b1-1559-43fe-81b5-6555a16a12cb", "isDeleted:":"true", "version":"1700722242277"}}
{"logTime": "1204/184112", "correlationVector":"FumTRQtxfhz7SpOkuTpAND.59","action":"GetUpdates", "result":"DeleteReceived", "context":{"id":"598207b3-224e-42a1-80eb-a3efd1884ea5", "isDeleted:":"true", "version":"1700788196743"}}
{"logTime": "1204/184112", "correlationVector":"FumTRQtxfhz7SpOkuTpAND.60","action":"GetUpdates", "result":"DeleteReceived", "context":{"id":"787fe734-391e-4861-aab9-e69b7e358f18", "isDeleted:":"true", "version":"1700788455122"}}
{"logTime": "1204/184112", "correlationVector":"FumTRQtxfhz7SpOkuTpAND.61","action":"GetUpdates", "result":"DeleteReceived", "context":{"id":"a24c41be-b587-4eed-be31-5a1aa675740d", "isDeleted:":"true", "version":"1700789586510"}}
{"logTime": "1204/184112", "correlationVector":"FumTRQtxfhz7SpOkuTpAND.62","action":"GetUpdates", "result":"DeleteReceived", "context":{"id":"797873dd-862f-49ae-a53e-45d006765a4f", "isDeleted:":"true", "version":"1700789586512"}}
{"logTime": "1204/184112", "correlationVector":"FumTRQtxfhz7SpOkuTpAND.63","action":"GetUpdates", "result":"DeleteReceived", "context":{"id":"888b6840-fc22-4362-8db5-c048d6d2c11d", "isDeleted:":"true", "version":"1700793379634"}}
{"logTime": "1204/184112", "correlationVector":"FumTRQtxfhz7SpOkuTpAND.64","action":"GetUpdates", "result":"DeleteReceived", "context":{"id":"d075eda2-e03c-48ab-a339-35e2c4a5ece2", "isDeleted:":"true", "version":"1700793559382"}}
{"logTime": "1204/184112", "correlationVector":"FumTRQtxfhz7SpOkuTpAND.65","action":"GetUpdates", "result":"DeleteReceived", "context":{"id":"00f5351f-17c6-4c27-a06f-0e69916160f8", "isDeleted:":"true", "version":"1700800940990"}}
{"logTime": "1204/184112", "correlationVector":"FumTRQtxfhz7SpOkuTpAND.66","action":"GetUpdates", "result":"DeleteReceived", "context":{"id":"eb25ee52-b128-43dd-852e-ec0abe3bb2d7", "isDeleted:":"true", "version":"1700801081143"}}
{"logTime": "1204/184112", "correlationVector":"FumTRQtxfhz7SpOkuTpAND.67","action":"GetUpdates", "result":"DeleteReceived", "context":{"id":"296b39d0-212c-4807-ab5c-e8ae33a5b897", "isDeleted:":"true", "version":"1700801483896"}}
{"logTime": "1204/184112", "correlationVector":"FumTRQtxfhz7SpOkuTpAND.68","action":"GetUpdates", "result":"DeleteReceived", "context":{"id":"b3846dbb-9fff-4c21-aa27-2e21061ba676", "isDeleted:":"true", "version":"1700810398321"}}
{"logTime": "1204/184112", "correlationVector":"FumTRQtxfhz7SpOkuTpAND.69","action":"GetUpdates", "result":"DeleteReceived", "context":{"id":"f7b74ec3-e7e5-42c0-bd92-e392826c2a37", "isDeleted:":"true", "version":"1700818408365"}}
{"logTime": "1204/184112", "correlationVector":"FumTRQtxfhz7SpOkuTpAND.70","action":"GetUpdates", "result":"DeleteReceived", "context":{"id":"8413ee9c-7da5-4fdc-8d40-c3957cfc11b2", "isDeleted:":"true", "version":"1700818417700"}}
{"logTime": "1204/184112", "correlationVector":"FumTRQtxfhz7SpOkuTpAND.71","action":"GetUpdates", "result":"DeleteReceived", "context":{"id":"de539aa0-0218-4f93-ba30-de9198265972", "isDeleted:":"true", "version":"1700818548586"}}
{"logTime": "1204/184112", "correlationVector":"FumTRQtxfhz7SpOkuTpAND.72","action":"GetUpdates", "result":"DeleteReceived", "context":{"id":"cf8f3f2a-6a9c-4b2a-99cb-afff44a82ac5", "isDeleted:":"true", "version":"1700821736909"}}
{"logTime": "1204/184112", "correlationVector":"FumTRQtxfhz7SpOkuTpAND.73","action":"GetUpdates", "result":"DeleteReceived", "context":{"id":"2de0d81d-b2f5-44d6-89fc-68b43c089d8f", "isDeleted:":"true", "version":"1700822232267"}}
{"logTime": "1204/184112", "correlationVector":"FumTRQtxfhz7SpOkuTpAND.74","action":"GetUpdates", "result":"DeleteReceived", "context":{"id":"1f19d52b-6243-48e8-bb01-8ebefaeab719", "isDeleted:":"true", "version":"1700822439368"}}
{"logTime": "1204/184112", "correlationVector":"FumTRQtxfhz7SpOkuTpAND.75","action":"GetUpdates", "result":"DeleteReceived", "context":{"id":"4a106b02-e3cc-4810-97c6-db6aa5376c64", "isDeleted:":"true", "version":"1700822439369"}}
{"logTime": "1204/184112", "correlationVector":"FumTRQtxfhz7SpOkuTpAND.76","action":"GetUpdates", "result":"DeleteReceived", "context":{"id":"b2705486-67cd-477b-b874-71e62f5285d3", "isDeleted:":"true", "version":"1700823382501"}}
{"logTime": "1204/184112", "correlationVector":"FumTRQtxfhz7SpOkuTpAND.77","action":"GetUpdates", "result":"DeleteReceived", "context":{"id":"f00ba5c2-2c06-498c-8894-a28b7567cb6b", "isDeleted:":"true", "version":"1700868238841"}}
{"logTime": "1204/184112", "correlationVector":"FumTRQtxfhz7SpOkuTpAND.78","action":"GetUpdates", "result":"DeleteReceived", "context":{"id":"bbd976d7-0aa9-4c76-acc3-4ea03d5214e2", "isDeleted:":"true", "version":"1700868279632"}}
{"logTime": "1204/184112", "correlationVector":"FumTRQtxfhz7SpOkuTpAND.79","action":"GetUpdates", "result":"DeleteReceived", "context":{"id":"44c73d0c-d960-40a9-8c91-b9423bba6261", "isDeleted:":"true", "version":"1700953867730"}}
{"logTime": "1204/184112", "correlationVector":"FumTRQtxfhz7SpOkuTpAND.80","action":"GetUpdates", "result":"DeleteReceived", "context":{"id":"cff0b602-b782-453c-9384-25a2af755ceb", "isDeleted:":"true", "version":"1700954166884"}}
{"logTime": "1204/184112", "correlationVector":"FumTRQtxfhz7SpOkuTpAND.81","action":"GetUpdates", "result":"DeleteReceived", "context":{"id":"f7085cb8-ea7e-4c5c-85b1-5e58a79a93eb", "isDeleted:":"true", "version":"1700967145168"}}
{"logTime": "1204/184112", "correlationVector":"FumTRQtxfhz7SpOkuTpAND.82","action":"GetUpdates", "result":"DeleteReceived", "context":{"id":"bfbccd84-a465-4329-b6bc-11c9654176ac", "isDeleted:":"true", "version":"1700967191096"}}
{"logTime": "1204/184112", "correlationVector":"FumTRQtxfhz7SpOkuTpAND.83","action":"GetUpdates", "result":"DeleteReceived", "context":{"id":"fe580d10-19bd-487d-9a06-295967c52947", "isDeleted:":"true", "version":"1700977496409"}}
{"logTime": "1204/184112", "correlationVector":"FumTRQtxfhz7SpOkuTpAND.84","action":"GetUpdates", "result":"DeleteReceived", "context":{"id":"ca1e2f92-a179-44ef-aa02-b2e7ce7d9053", "isDeleted:":"true", "version":"1700985855773"}}
{"logTime": "1204/184112", "correlationVector":"FumTRQtxfhz7SpOkuTpAND.85","action":"GetUpdates", "result":"DeleteReceived", "context":{"id":"78f3176c-bf4a-43a5-9fd9-05752efccfc8", "isDeleted:":"true", "version":"1700986788089"}}
{"logTime": "1204/184112", "correlationVector":"FumTRQtxfhz7SpOkuTpAND.86","action":"GetUpdates", "result":"DeleteReceived", "context":{"id":"e4b50947-0993-4ad9-b2cb-96fc26365404", "isDeleted:":"true", "version":"1700987318803"}}
{"logTime": "1204/184112", "correlationVector":"FumTRQtxfhz7SpOkuTpAND.87","action":"GetUpdates", "result":"DeleteReceived", "context":{"id":"85812bb8-f18f-481e-95fa-829dfcbc4c05", "isDeleted:":"true", "version":"1700987318807"}}
{"logTime": "1204/184112", "correlationVector":"FumTRQtxfhz7SpOkuTpAND.88","action":"GetUpdates", "result":"DeleteReceived", "context":{"id":"e79aecd8-9423-4625-8a58-d7c796692259", "isDeleted:":"true", "version":"1700987741905"}}
{"logTime": "1204/184112", "correlationVector":"FumTRQtxfhz7SpOkuTpAND.89","action":"GetUpdates", "result":"DeleteReceived", "context":{"id":"cb2e33e1-f484-4e29-b683-ac832ddb2d3f", "isDeleted:":"true", "version":"1700988010705"}}
{"logTime": "1204/184112", "correlationVector":"FumTRQtxfhz7SpOkuTpAND.90","action":"GetUpdates", "result":"DeleteReceived", "context":{"id":"88962413-de57-403d-a469-b5cf8cbb9b2e", "isDeleted:":"true", "version":"1700988010706"}}
{"logTime": "1204/184112", "correlationVector":"FumTRQtxfhz7SpOkuTpAND.91","action":"GetUpdates", "result":"DeleteReceived", "context":{"id":"d5a50a82-025e-4a88-b99c-88c1cbc6fc7e", "isDeleted:":"true", "version":"1700988010709"}}
{"logTime": "1204/184112", "correlationVector":"FumTRQtxfhz7SpOkuTpAND.92","action":"GetUpdates", "result":"DeleteReceived", "context":{"id":"d971e204-cb4b-41b0-9a32-f2f29b565ac4", "isDeleted:":"true", "version":"1701041197328"}}
{"logTime": "1204/184112", "correlationVector":"FumTRQtxfhz7SpOkuTpAND.93","action":"GetUpdates", "result":"DeleteReceived", "context":{"id":"05dd7b5e-b4fd-492e-8d9f-382fdc37270b", "isDeleted:":"true", "version":"1701041197330"}}
{"logTime": "1204/184112", "correlationVector":"FumTRQtxfhz7SpOkuTpAND.94","action":"GetUpdates", "result":"DeleteReceived", "context":{"id":"f69661e5-dc5b-408e-909c-ece91ad7c7a9", "isDeleted:":"true", "version":"1701041243754"}}
{"logTime": "1204/184112", "correlationVector":"FumTRQtxfhz7SpOkuTpAND.95","action":"GetUpdates", "result":"DeleteReceived", "context":{"id":"39126333-fca4-40f9-9319-46100b5940fd", "isDeleted:":"true", "version":"1701052512532"}}
{"logTime": "1204/184112", "correlationVector":"FumTRQtxfhz7SpOkuTpAND.96","action":"GetUpdates", "result":"DeleteReceived", "context":{"id":"056ed161-632d-4fea-b29d-3a329ff347e0", "isDeleted:":"true", "version":"1701052524095"}}
{"logTime": "1204/184112", "correlationVector":"FumTRQtxfhz7SpOkuTpAND.97","action":"GetUpdates", "result":"DeleteReceived", "context":{"id":"05dd9919-669c-4090-b79d-3e92e106bc20", "isDeleted:":"true", "version":"1701056666917"}}
{"logTime": "1204/184112", "correlationVector":"FumTRQtxfhz7SpOkuTpAND.98","action":"GetUpdates", "result":"DeleteReceived", "context":{"id":"ff8d6958-764b-41cb-8fd9-22ea99cc5e68", "isDeleted:":"true", "version":"1701056666920"}}
{"logTime": "1204/184112", "correlationVector":"FumTRQtxfhz7SpOkuTpAND.99","action":"GetUpdates", "result":"DeleteReceived", "context":{"id":"00d50264-fd5a-4516-9fbf-5d72d804e504", "isDeleted:":"true", "version":"1701060534762"}}
{"logTime": "1204/184112", "correlationVector":"FumTRQtxfhz7SpOkuTpAND.100","action":"GetUpdates", "result":"DeleteReceived", "context":{"id":"08c46ebe-94ac-4be2-8980-3a7245b82e06", "isDeleted:":"true", "version":"1701064506502"}}
{"logTime": "1204/184112", "correlationVector":"FumTRQtxfhz7SpOkuTpAND.101","action":"GetUpdates", "result":"DeleteReceived", "context":{"id":"5e3ae055-5694-43b3-be09-0821bd35e563", "isDeleted:":"true", "version":"1701064506505"}}
{"logTime": "1204/184112", "correlationVector":"FumTRQtxfhz7SpOkuTpAND.102","action":"GetUpdates", "result":"DeleteReceived", "context":{"id":"fa65f6ad-6690-416c-ab0e-ccb76a990801", "isDeleted:":"true", "version":"1701073889670"}}
{"logTime": "1204/184112", "correlationVector":"FumTRQtxfhz7SpOkuTpAND.103","action":"GetUpdates", "result":"DeleteReceived", "context":{"id":"01264398-838a-4098-ae68-ead9bf66bb8a", "isDeleted:":"true", "version":"1701073899496"}}
{"logTime": "1204/184112", "correlationVector":"FumTRQtxfhz7SpOkuTpAND.104","action":"GetUpdates", "result":"DeleteReceived", "context":{"id":"615511d1-69e7-4336-99e6-15e618b6033f", "isDeleted:":"true", "version":"1701076319582"}}
{"logTime": "1204/184112", "correlationVector":"FumTRQtxfhz7SpOkuTpAND.105","action":"GetUpdates", "result":"DeleteReceived", "context":{"id":"772ea159-5549-4069-b1fa-80f1d41542eb", "isDeleted:":"true", "version":"1701076319583"}}
{"logTime": "1204/184112", "correlationVector":"FumTRQtxfhz7SpOkuTpAND.106","action":"GetUpdates", "result":"DeleteReceived", "context":{"id":"e3b970bc-25e5-451f-90f8-1b0bccffc69d", "isDeleted:":"true", "version":"1701076319585"}}
{"logTime": "1204/184112", "correlationVector":"FumTRQtxfhz7SpOkuTpAND.107","action":"GetUpdates", "result":"DeleteReceived", "context":{"id":"9e2ca017-f1f1-4296-9ade-50afbf5f9e75", "isDeleted:":"true", "version":"1701076319586"}}
{"logTime": "1204/184112", "correlationVector":"FumTRQtxfhz7SpOkuTpAND.108","action":"GetUpdates", "result":"DeleteReceived", "context":{"id":"ca7a4839-f104-4815-aa4a-9024026d6255", "isDeleted:":"true", "version":"1701076472317"}}
{"logTime": "1204/184112", "correlationVector":"FumTRQtxfhz7SpOkuTpAND.109","action":"GetUpdates", "result":"DeleteReceived", "context":{"id":"ce79d2e6-f213-4675-af98-136859dbd7d3", "isDeleted:":"true", "version":"1701078218797"}}
{"logTime": "1204/184112", "correlationVector":"FumTRQtxfhz7SpOkuTpAND.110","action":"GetUpdates", "result":"DeleteReceived", "context":{"id":"13ec0764-fc9e-4821-9561-f1ff718c2cbc", "isDeleted:":"true", "version":"1701133793598"}}
{"logTime": "1204/184112", "correlationVector":"FumTRQtxfhz7SpOkuTpAND.111","action":"GetUpdates", "result":"DeleteReceived", "context":{"id":"a88fbf27-5b8f-41ca-a864-d1699f39f4e4", "isDeleted:":"true", "version":"1701134092609"}}
{"logTime": "1204/184112", "correlationVector":"FumTRQtxfhz7SpOkuTpAND.112","action":"GetUpdates", "result":"DeleteReceived", "context":{"id":"8a8e6851-1026-438d-b2af-5d646d086383", "isDeleted:":"true", "version":"1701144538020"}}
{"logTime": "1204/184112", "correlationVector":"FumTRQtxfhz7SpOkuTpAND.113","action":"GetUpdates", "result":"DeleteReceived", "context":{"id":"f66aeb82-3b1c-483e-b608-5f7203afea8b", "isDeleted:":"true", "version":"1701144547689"}}
{"logTime": "1204/184112", "correlationVector":"FumTRQtxfhz7SpOkuTpAND.114","action":"GetUpdates", "result":"DeleteReceived", "context":{"id":"6cdee2c0-aee1-4731-aea1-a8e3f128789e", "isDeleted:":"true", "version":"1701179961416"}}
{"logTime": "1204/184112", "correlationVector":"FumTRQtxfhz7SpOkuTpAND.115","action":"GetUpdates", "result":"DeleteReceived", "context":{"id":"e988e416-759b-4da3-b010-d886036c86bc", "isDeleted:":"true", "version":"1701179969811"}}
{"logTime": "1204/184112", "correlationVector":"FumTRQtxfhz7SpOkuTpAND.116","action":"GetUpdates", "result":"DeleteReceived", "context":{"id":"d1b9a66b-a71a-4a7b-a1ee-0afb09c9b47f", "isDeleted:":"true", "version":"1701183860937"}}
{"logTime": "1204/184112", "correlationVector":"FumTRQtxfhz7SpOkuTpAND.117","action":"GetUpdates", "result":"DeleteReceived", "context":{"id":"3cb0c705-d840-4e23-a1bf-20b393ee46da", "isDeleted:":"true", "version":"1701218886702"}}
{"logTime": "1204/184112", "correlationVector":"FumTRQtxfhz7SpOkuTpAND.118","action":"GetUpdates", "result":"DeleteReceived", "context":{"id":"ba7fb4e4-1833-4196-b85b-1d27d0d4e17a", "isDeleted:":"true", "version":"1701274653449"}}
{"logTime": "1204/184112", "correlationVector":"FumTRQtxfhz7SpOkuTpAND.119","action":"GetUpdates", "result":"DeleteReceived", "context":{"id":"f0589fce-8cb9-4b9c-88c9-1deb9aea782e", "isDeleted:":"true", "version":"1701274653451"}}
{"logTime": "1204/184112", "correlationVector":"FumTRQtxfhz7SpOkuTpAND.120","action":"GetUpdates", "result":"DeleteReceived", "context":{"id":"77dd23b0-b6c0-494f-ace2-dfb7279cbd7c", "isDeleted:":"true", "version":"1701274695790"}}
{"logTime": "1204/184112", "correlationVector":"FumTRQtxfhz7SpOkuTpAND.121","action":"GetUpdates", "result":"DeleteReceived", "context":{"id":"5a981ae5-4e22-4795-8a0e-5f2690beca86", "isDeleted:":"true", "version":"1701296488089"}}
{"logTime": "1204/184112", "correlationVector":"FumTRQtxfhz7SpOkuTpAND.122","action":"GetUpdates", "result":"DeleteReceived", "context":{"id":"085d2b1d-1c11-4ec9-80e5-c9f963ccf3f9", "isDeleted:":"true", "version":"1701296488090"}}
{"logTime": "1204/184113", "correlationVector":"FumTRQtxfhz7SpOkuTpAND.123","action":"GetUpdates", "result":"DeleteReceived", "context":{"id":"689af5eb-9278-425d-9da9-3e27dcd34317", "isDeleted:":"true", "version":"1701296488091"}}
{"logTime": "1204/184113", "correlationVector":"FumTRQtxfhz7SpOkuTpAND.124","action":"GetUpdates", "result":"DeleteReceived", "context":{"id":"9e9f5cff-c818-4159-9b4e-c8ee6551f86d", "isDeleted:":"true", "version":"1701297279654"}}
{"logTime": "1204/184113", "correlationVector":"FumTRQtxfhz7SpOkuTpAND.125","action":"GetUpdates", "result":"DeleteReceived", "context":{"id":"49aa2331-2e48-4e94-898c-06cdd952d2fb", "isDeleted:":"true", "version":"1701300995543"}}
{"logTime": "1204/184113", "correlationVector":"FumTRQtxfhz7SpOkuTpAND.126","action":"GetUpdates", "result":"DeleteReceived", "context":{"id":"612df86b-fb0f-4d58-96b2-30b766ad21dc", "isDeleted:":"true", "version":"1701300995544"}}
{"logTime": "1204/184113", "correlationVector":"FumTRQtxfhz7SpOkuTpAND.127","action":"GetUpdates", "result":"DeleteReceived", "context":{"id":"756c334c-f20e-42cc-bd41-ad6f0903f00d", "isDeleted:":"true", "version":"1701303454166"}}
{"logTime": "1204/184113", "correlationVector":"FumTRQtxfhz7SpOkuTpAND.128","action":"GetUpdates", "result":"DeleteReceived", "context":{"id":"3123a05d-218c-4ef6-8dcb-841b5495be5b", "isDeleted:":"true", "version":"1701349103070"}}
{"logTime": "1204/184113", "correlationVector":"FumTRQtxfhz7SpOkuTpAND.129","action":"GetUpdates", "result":"DeleteReceived", "context":{"id":"90298988-6625-4e36-8b07-a96672a30157", "isDeleted:":"true", "version":"1701351240920"}}
{"logTime": "1204/184113", "correlationVector":"FumTRQtxfhz7SpOkuTpAND.130","action":"GetUpdates", "result":"DeleteReceived", "context":{"id":"4a300967-9a12-47ed-a317-0c848fac90b2", "isDeleted:":"true", "version":"1701351278002"}}
{"logTime": "1204/184113", "correlationVector":"FumTRQtxfhz7SpOkuTpAND.131","action":"GetUpdates", "result":"DeleteReceived", "context":{"id":"4d548259-fd58-406f-9ba3-e98f9dea2a8b", "isDeleted:":"true", "version":"1701351509064"}}
{"logTime": "1204/184113", "correlationVector":"FumTRQtxfhz7SpOkuTpAND.132","action":"GetUpdates", "result":"DeleteReceived", "context":{"id":"566c7f8d-2722-43ca-b235-0e6877775aa3", "isDeleted:":"true", "version":"1701351509066"}}
{"logTime": "1204/184113", "correlationVector":"FumTRQtxfhz7SpOkuTpAND.133","action":"GetUpdates", "result":"DeleteReceived", "context":{"id":"8a1b575b-44c4-48d7-8fb4-d80c9c47a05a", "isDeleted:":"true", "version":"1701351509067"}}
{"logTime": "1204/184113", "correlationVector":"FumTRQtxfhz7SpOkuTpAND.134","action":"GetUpdates", "result":"DeleteReceived", "context":{"id":"1db4b237-0f2f-43f1-a37a-c70ee7d08d6a", "isDeleted:":"true", "version":"1701351917129"}}
{"logTime": "1204/184113", "correlationVector":"FumTRQtxfhz7SpOkuTpAND.135","action":"GetUpdates", "result":"DeleteReceived", "context":{"id":"c5999b76-9769-4e21-a6c6-ee7acb52defe", "isDeleted:":"true", "version":"1701389774746"}}
{"logTime": "1204/184113", "correlationVector":"FumTRQtxfhz7SpOkuTpAND.136","action":"GetUpdates", "result":"DeleteReceived", "context":{"id":"0c9f7af1-eb4a-4c4d-bc5d-69c84a209dce", "isDeleted:":"true", "version":"1701389815265"}}
{"logTime": "1204/184113", "correlationVector":"FumTRQtxfhz7SpOkuTpAND.137","action":"GetUpdates", "result":"DeleteReceived", "context":{"id":"1f230091-879a-44c4-a34a-c596d464026e", "isDeleted:":"true", "version":"1701421962781"}}
{"logTime": "1204/184113", "correlationVector":"FumTRQtxfhz7SpOkuTpAND.138","action":"GetUpdates", "result":"DeleteReceived", "context":{"id":"1a7d35a1-1d7d-4002-a5fe-7b1ffb6fbf80", "isDeleted:":"true", "version":"1701422010421"}}
{"logTime": "1204/184113", "correlationVector":"FumTRQtxfhz7SpOkuTpAND.139","action":"GetUpdates", "result":"DeleteReceived", "context":{"id":"39d6f2a1-558f-4dc3-a873-e6433d55fe5e", "isDeleted:":"true", "version":"1701422737959"}}
{"logTime": "1204/184113", "correlationVector":"FumTRQtxfhz7SpOkuTpAND.140","action":"GetUpdates", "result":"DeleteReceived", "context":{"id":"2dd4688b-ed6b-4a52-87d7-2c8183e8f05f", "isDeleted:":"true", "version":"1701423121220"}}
{"logTime": "1204/184113", "correlationVector":"FumTRQtxfhz7SpOkuTpAND.141","action":"GetUpdates", "result":"DeleteReceived", "context":{"id":"cd0e3dd8-95cc-4f3f-b856-4b0ffc577235", "isDeleted:":"true", "version":"1701451542685"}}
{"logTime": "1204/184113", "correlationVector":"FumTRQtxfhz7SpOkuTpAND.142","action":"GetUpdates", "result":"DeleteReceived", "context":{"id":"d12332f7-2b8b-48e1-bceb-310087a6120b", "isDeleted:":"true", "version":"1701451542686"}}
{"logTime": "1204/184113", "correlationVector":"FumTRQtxfhz7SpOkuTpAND.143","action":"GetUpdates", "result":"DeleteReceived", "context":{"id":"b83737f8-9f0d-4779-a58b-9199767e3ae1", "isDeleted:":"true", "version":"1701451542688"}}
{"logTime": "1204/184113", "correlationVector":"FumTRQtxfhz7SpOkuTpAND.144","action":"GetUpdates", "result":"DeleteReceived", "context":{"id":"8db5583c-6a2b-4804-afd8-0358997d1565", "isDeleted:":"true", "version":"1701451542689"}}
{"logTime": "1204/184113", "correlationVector":"FumTRQtxfhz7SpOkuTpAND.145","action":"GetUpdates", "result":"DeleteReceived", "context":{"id":"d7fffbab-e78f-4738-875b-e4f3096d6967", "isDeleted:":"true", "version":"1701489964545"}}
{"logTime": "1204/184113", "correlationVector":"FumTRQtxfhz7SpOkuTpAND.146","action":"GetUpdates", "result":"DeleteReceived", "context":{"id":"7a0a03b0-e321-4c1b-9755-f5c11f0cbc6c", "isDeleted:":"true", "version":"1701489964547"}}
{"logTime": "1204/184113", "correlationVector":"FumTRQtxfhz7SpOkuTpAND.147","action":"GetUpdates", "result":"DeleteReceived", "context":{"id":"f10d0bab-bb65-49ac-a5f5-138ae197d4ed", "isDeleted:":"true", "version":"1701489985528"}}
{"logTime": "1204/184113", "correlationVector":"FumTRQtxfhz7SpOkuTpAND.148","action":"GetUpdates", "result":"DeleteReceived", "context":{"id":"5aa29ef6-c1d6-4d61-b82c-abd7bf33be8f", "isDeleted:":"true", "version":"1701502330367"}}
{"logTime": "1204/184113", "correlationVector":"FumTRQtxfhz7SpOkuTpAND.149","action":"GetUpdates", "result":"DeleteReceived", "context":{"id":"c06dbce1-59a9-4ea9-bc35-79621f758470", "isDeleted:":"true", "version":"1701502368990"}}
{"logTime": "1204/184113", "correlationVector":"FumTRQtxfhz7SpOkuTpAND.150","action":"GetUpdates", "result":"DeleteReceived", "context":{"id":"5d465b4e-e5fc-48c4-9906-1951e9ed6d2a", "isDeleted:":"true", "version":"1701502539772"}}
{"logTime": "1204/184113", "correlationVector":"FumTRQtxfhz7SpOkuTpAND.151","action":"GetUpdates", "result":"DeleteReceived", "context":{"id":"334100ea-a12e-4a4e-aeae-216b46740193", "isDeleted:":"true", "version":"1701502539773"}}
{"logTime": "1204/184113", "correlationVector":"FumTRQtxfhz7SpOkuTpAND.152","action":"GetUpdates", "result":"DeleteReceived", "context":{"id":"2d32841c-a026-41d9-b2cb-c570ccea04c8", "isDeleted:":"true", "version":"1701502539777"}}
{"logTime": "1204/184113", "correlationVector":"FumTRQtxfhz7SpOkuTpAND.153","action":"GetUpdates", "result":"DeleteReceived", "context":{"id":"513ccae2-802a-4a23-9c8e-d1e98390cb22", "isDeleted:":"true", "version":"1701502539778"}}
{"logTime": "1204/184113", "correlationVector":"FumTRQtxfhz7SpOkuTpAND.154","action":"GetUpdates", "result":"DeleteReceived", "context":{"id":"ebb2e41e-38ba-4137-9df6-ea984275353a", "isDeleted:":"true", "version":"1701502629438"}}
{"logTime": "1204/184113", "correlationVector":"FumTRQtxfhz7SpOkuTpAND.155","action":"GetUpdates", "result":"DeleteReceived", "context":{"id":"347c811b-dd97-40d2-81c4-7002138c327b", "isDeleted:":"true", "version":"1701544063638"}}
{"logTime": "1204/184113", "correlationVector":"FumTRQtxfhz7SpOkuTpAND.156","action":"GetUpdates", "result":"DeleteReceived", "context":{"id":"52c13ae3-81a9-4213-91b8-706a1fd88671", "isDeleted:":"true", "version":"1701544256736"}}
{"logTime": "1204/184113", "correlationVector":"FumTRQtxfhz7SpOkuTpAND.157","action":"GetUpdates", "result":"DeleteReceived", "context":{"id":"16a73416-b6e7-4ad9-9a34-76475a692283", "isDeleted:":"true", "version":"1701544256738"}}
{"logTime": "1204/184113", "correlationVector":"FumTRQtxfhz7SpOkuTpAND.158","action":"GetUpdates", "result":"DeleteReceived", "context":{"id":"943e3050-7268-4943-9246-5f0c0578a7b9", "isDeleted:":"true", "version":"1701544256739"}}
{"logTime": "1204/184113", "correlationVector":"FumTRQtxfhz7SpOkuTpAND.159","action":"GetUpdates", "result":"DeleteReceived", "context":{"id":"d4272244-5c45-415c-ae7c-7bf5447579b1", "isDeleted:":"true", "version":"1701544410172"}}
{"logTime": "1204/184113", "correlationVector":"FumTRQtxfhz7SpOkuTpAND.160","action":"GetUpdates", "result":"DeleteReceived", "context":{"id":"2b2c4da0-94d9-4e40-addb-58482651ae94", "isDeleted:":"true", "version":"1701544627887"}}
{"logTime": "1204/184113", "correlationVector":"FumTRQtxfhz7SpOkuTpAND.161","action":"GetUpdates", "result":"DeleteReceived", "context":{"id":"2637b723-6d52-41ff-b3e4-36cb6c1b90b7", "isDeleted:":"true", "version":"1701544725134"}}
{"logTime": "1204/184113", "correlationVector":"FumTRQtxfhz7SpOkuTpAND.162","action":"GetUpdates", "result":"DeleteReceived", "context":{"id":"dce54594-282e-4f4a-ac9f-85ff1960306a", "isDeleted:":"true", "version":"1701544779738"}}
{"logTime": "1204/184113", "correlationVector":"FumTRQtxfhz7SpOkuTpAND.163","action":"GetUpdates", "result":"DeleteReceived", "context":{"id":"caf50682-75d6-4b40-ab92-349bdf8bc503", "isDeleted:":"true", "version":"1701545003622"}}
{"logTime": "1204/184113", "correlationVector":"FumTRQtxfhz7SpOkuTpAND.164","action":"GetUpdates", "result":"DeleteReceived", "context":{"id":"4bf7623a-4f22-4630-89e2-53b1620bacf5", "isDeleted:":"true", "version":"1701551123712"}}
{"logTime": "1204/184113", "correlationVector":"FumTRQtxfhz7SpOkuTpAND.165","action":"GetUpdates", "result":"DeleteReceived", "context":{"id":"88be91d2-926d-4a46-bc35-3252e9ad3d20", "isDeleted:":"true", "version":"1701551289530"}}
{"logTime": "1204/184113", "correlationVector":"FumTRQtxfhz7SpOkuTpAND.166","action":"GetUpdates", "result":"DeleteReceived", "context":{"id":"b03ef594-645d-416c-b1eb-66e3952b8736", "isDeleted:":"true", "version":"1701555440337"}}
{"logTime": "1204/184113", "correlationVector":"FumTRQtxfhz7SpOkuTpAND.167","action":"GetUpdates Response", "result":"SERVER_MORE_TO_DOWNLOAD", "context":Received 250 update(s).  Some updates remain.}
{"logTime": "1204/184113", "correlationVector":"yeUSDNA/hAswsoeXL0j8ai","action":"Initial GetUpdates", "result":"", "context":Reason: RECONFIGURATION. cV=yeUSDNA/hAswsoeXL0j8ai}
{"logTime": "1204/184113", "correlationVector":"yeUSDNA/hAswsoeXL0j8ai.1","action":"SyncServerConnectionManagerRequest", "result":"SYNC_SERVER_OK", "context":{"environment":"Prod_EastUS2_000e", "migrationStage":"NotStarted", "server":"GENERAL0100000I"}}
{"logTime": "1204/184113", "correlationVector":"yeUSDNA/hAswsoeXL0j8ai.2","action":"GetUpdates", "result":"DeleteReceived", "context":{"id":"dbb7ff7c-6f3b-4e41-a491-18c0a35556f1", "isDeleted:":"true", "version":"1701556135479"}}
{"logTime": "1204/184113", "correlationVector":"yeUSDNA/hAswsoeXL0j8ai.3","action":"GetUpdates", "result":"DeleteReceived", "context":{"id":"b08d19dd-e988-4ed2-bf3c-7efaafe79a13", "isDeleted:":"true", "version":"1701620576176"}}
{"logTime": "1204/184113", "correlationVector":"yeUSDNA/hAswsoeXL0j8ai.4","action":"GetUpdates", "result":"DeleteReceived", "context":{"id":"53c0dd5e-417e-4873-9fcc-992cbab23653", "isDeleted:":"true", "version":"1701620633226"}}
{"logTime": "1204/184113", "correlationVector":"yeUSDNA/hAswsoeXL0j8ai.5","action":"GetUpdates", "result":"DeleteReceived", "context":{"id":"9a425a92-f061-40d0-992b-fb0b659c72f4", "isDeleted:":"true", "version":"1701628010422"}}
{"logTime": "1204/184113", "correlationVector":"yeUSDNA/hAswsoeXL0j8ai.6","action":"GetUpdates", "result":"DeleteReceived", "context":{"id":"1723c710-bd12-46ca-bc73-5ed97e4e3f61", "isDeleted:":"true", "version":"1701630779574"}}
{"logTime": "1204/184113", "correlationVector":"yeUSDNA/hAswsoeXL0j8ai.7","action":"GetUpdates", "result":"DeleteReceived", "context":{"id":"43910ba1-cf28-4b5f-a156-ad1b90435b62", "isDeleted:":"true", "version":"1701640662858"}}
{"logTime": "1204/184113", "correlationVector":"yeUSDNA/hAswsoeXL0j8ai.8","action":"GetUpdates", "result":"DeleteReceived", "context":{"id":"9e1fc029-3515-4b4f-ac3a-db9ea66b6fb4", "isDeleted:":"true", "version":"1701640662860"}}
{"logTime": "1204/184113", "correlationVector":"yeUSDNA/hAswsoeXL0j8ai.9","action":"GetUpdates", "result":"DeleteReceived", "context":{"id":"f192cfd9-0a10-44a7-a1f2-84a3cc1a1818", "isDeleted:":"true", "version":"1701640673671"}}
{"logTime": "1204/184113", "correlationVector":"yeUSDNA/hAswsoeXL0j8ai.10","action":"GetUpdates", "result":"DeleteReceived", "context":{"id":"5494261f-9990-4df7-9170-22a3700d0c3f", "isDeleted:":"true", "version":"1701648868620"}}
{"logTime": "1204/184113", "correlationVector":"yeUSDNA/hAswsoeXL0j8ai.11","action":"GetUpdates", "result":"DeleteReceived", "context":{"id":"d6fc64c9-e322-4059-bffa-d218619781fc", "isDeleted:":"true", "version":"1701653456650"}}
{"logTime": "1204/184113", "correlationVector":"yeUSDNA/hAswsoeXL0j8ai.12","action":"GetUpdates", "result":"DeleteReceived", "context":{"id":"e6d1319f-9f97-4a17-8ff8-27368901c08c", "isDeleted:":"true", "version":"1701654063837"}}
{"logTime": "1204/184113", "correlationVector":"yeUSDNA/hAswsoeXL0j8ai.13","action":"GetUpdates", "result":"DeleteReceived", "context":{"id":"1da31791-514c-4536-8fae-528960cb7561", "isDeleted:":"true", "version":"1701654694389"}}
{"logTime": "1204/184113", "correlationVector":"yeUSDNA/hAswsoeXL0j8ai.14","action":"GetUpdates", "result":"DeleteReceived", "context":{"id":"9a1bb1a4-ed80-4635-9657-151de7f342e3", "isDeleted:":"true", "version":"1701654799182"}}
{"logTime": "1204/184113", "correlationVector":"yeUSDNA/hAswsoeXL0j8ai.15","action":"GetUpdates", "result":"DeleteReceived", "context":{"id":"8aaf0403-ec26-4df6-b838-45a9f7d4bdb7", "isDeleted:":"true", "version":"1701655293057"}}
{"logTime": "1204/184113", "correlationVector":"yeUSDNA/hAswsoeXL0j8ai.16","action":"GetUpdates", "result":"DeleteReceived", "context":{"id":"677bfc50-39e6-4a14-b1dd-09879ad6d047", "isDeleted:":"true", "version":"1701655410527"}}
{"logTime": "1204/184113", "correlationVector":"yeUSDNA/hAswsoeXL0j8ai.17","action":"GetUpdates Response", "result":"SYNCER_OK", "context":Received 30 update(s). cV=yeUSDNA/hAswsoeXL0j8ai.0;server=GENERAL0100000I;cloudType=Consumer;environment=Prod_EastUS2_000e;migrationStage=NotStarted}
{"logTime": "1204/184113", "correlationVector":"oCimBXICwTicdVTDi+nuUa","action":"Normal GetUpdate request", "result":"", "context":cV=oCimBXICwTicdVTDi+nuUa
Nudged types: Sessions, Device Info
Refresh requested types: Bookmarks, Preferences, Passwords, Autofill Profiles, Autofill, Autofill Custom Data, Typed URLs, Extensions, Sessions, Extension settings, History Delete Directives, Device Info, User Consents, Send Tab To Self, Web Apps, Collection, Edge E Drop, Edge Hub App Usage, Edge Wallet, Encryption Keys}
{"logTime": "1204/184113", "correlationVector":"oCimBXICwTicdVTDi+nuUa.1","action":"SyncServerConnectionManagerRequest", "result":"SYNC_SERVER_OK", "context":{"environment":"Prod_EastUS_000w", "migrationStage":"NotStarted", "server":"GENERAL0100000N"}}
{"logTime": "1204/184113", "correlationVector":"oCimBXICwTicdVTDi+nuUa.2","action":"GetUpdates Response", "result":"SYNCER_OK", "context":Received 0 update(s). cV=oCimBXICwTicdVTDi+nuUa.0;server=GENERAL0100000N;cloudType=Consumer;environment=Prod_EastUS_000w;migrationStage=NotStarted}
{"logTime": "1204/184113", "correlationVector":"7LKSOrc4+ue0NwxX9Iuzx9","action":"Commit Request", "result":"", "context":Item count: 1
Contributing types: Device Info}
{"logTime": "1204/184114", "correlationVector":"7LKSOrc4+ue0NwxX9Iuzx9.1","action":"SyncServerConnectionManagerRequest", "result":"SYNC_SERVER_OK", "context":{"environment":"Prod_EastUS_000w", "migrationStage":"NotStarted", "server":"GENERAL0100001C"}}
{"logTime": "1204/184114", "correlationVector":"7LKSOrc4+ue0NwxX9Iuzx9.2","action":"Commit Response", "result":"SYNCER_OK", "context":Result: SYNCER_OK. cV=7LKSOrc4+ue0NwxX9Iuzx9.0;server=GENERAL0100001C;cloudType=Consumer;environment=Prod_EastUS_000w;migrationStage=NotStarted}
{"logTime": "1204/184114", "correlationVector":"m/KUVt/00ejVxxm7vSaaY2","action":"Commit Request", "result":"", "context":Item count: 2
Contributing types: Sessions}
{"logTime": "1204/184114", "correlationVector":"m/KUVt/00ejVxxm7vSaaY2.1","action":"SyncServerConnectionManagerRequest", "result":"SYNC_SERVER_OK", "context":{"environment":"Prod_EastUS2_000e", "migrationStage":"NotStarted", "server":"GENERAL0100001W"}}
{"logTime": "1204/184114", "correlationVector":"m/KUVt/00ejVxxm7vSaaY2.2","action":"Commit Response", "result":"SYNCER_OK", "context":Result: SYNCER_OK. cV=m/KUVt/00ejVxxm7vSaaY2.0;server=GENERAL0100001W;cloudType=Consumer;environment=Prod_EastUS2_000e;migrationStage=NotStarted}
{"logTime": "1204/184148", "correlationVector":"RjzXxFwEe6jgds1WP5XmI6","action":"Commit Request", "result":"", "context":Item count: 1
Contributing types: Sessions}
{"logTime": "1204/184148", "correlationVector":"RjzXxFwEe6jgds1WP5XmI6.1","action":"SyncServerConnectionManagerRequest", "result":"SYNC_SERVER_OK", "context":{"environment":"Prod_EastUS2_000e", "migrationStage":"NotStarted", "server":"GENERAL0100001P"}}
{"logTime": "1204/184148", "correlationVector":"RjzXxFwEe6jgds1WP5XmI6.2","action":"Commit Response", "result":"SYNCER_OK", "context":Result: SYNCER_OK. cV=RjzXxFwEe6jgds1WP5XmI6.0;server=GENERAL0100001P;cloudType=Consumer;environment=Prod_EastUS2_000e;migrationStage=NotStarted}
{"logTime": "1204/184228", "correlationVector":"DZPYnphHxWBsvom8DXwOVu","action":"Commit Request", "result":"", "context":Item count: 1
Contributing types: Sessions}
{"logTime": "1204/184228", "correlationVector":"DZPYnphHxWBsvom8DXwOVu.1","action":"SyncServerConnectionManagerRequest", "result":"SYNC_SERVER_OK", "context":{"environment":"Prod_EastUS2_000e", "migrationStage":"NotStarted", "server":"GENERAL0100002C"}}
{"logTime": "1204/184228", "correlationVector":"DZPYnphHxWBsvom8DXwOVu.2","action":"Commit Response", "result":"SYNCER_OK", "context":Result: SYNCER_OK. cV=DZPYnphHxWBsvom8DXwOVu.0;server=GENERAL0100002C;cloudType=Consumer;environment=Prod_EastUS2_000e;migrationStage=NotStarted}
{"logTime": "1204/184527", "correlationVector":"xZB1Y4cqFdYS9ncNY8f8CY.1","action":"SyncServerConnectionManagerRequest", "result":"SYNC_SERVER_OK", "context":{"environment":"Prod_EastUS2_000e", "migrationStage":"NotStarted", "server":"GENERAL0100001R"}}
{"logTime": "1204/184527", "correlationVector":"ARjI9g5QXspZBQZDpltzNd.0","action":"FeedSettingFetch_homeCloud", "result":"0", "context":{}}
{"logTime": "1204/184527", "correlationVector":"xZB1Y4cqFdYS9ncNY8f8CY","action":"Initial GetUpdates", "result":"", "context":Reason: NEW_CLIENT. cV=xZB1Y4cqFdYS9ncNY8f8CY}
{"logTime": "1204/184527", "correlationVector":"xZB1Y4cqFdYS9ncNY8f8CY.2","action":"GetUpdates Response", "result":"SYNCER_OK", "context":Received 1 update(s). cV=xZB1Y4cqFdYS9ncNY8f8CY.0;server=GENERAL0100001R;cloudType=Consumer;environment=Prod_EastUS2_000e;migrationStage=NotStarted}
{"logTime": "1204/184527", "correlationVector":"5sCWkqtvJKUfyQa4hqmEbi","action":"Initial GetUpdates", "result":"", "context":Reason: NEWLY_SUPPORTED_DATATYPE. cV=5sCWkqtvJKUfyQa4hqmEbi}
{"logTime": "1204/184527", "correlationVector":"5sCWkqtvJKUfyQa4hqmEbi.1","action":"SyncServerConnectionManagerRequest", "result":"SYNC_SERVER_OK", "context":{"environment":"Prod_EastUS2_000e", "migrationStage":"NotStarted", "server":"general0100002O"}}
{"logTime": "1204/184527", "correlationVector":"5sCWkqtvJKUfyQa4hqmEbi.2","action":"GetUpdates Response", "result":"SYNCER_OK", "context":Received 5 update(s). cV=5sCWkqtvJKUfyQa4hqmEbi.0;server=general0100002O;cloudType=Consumer;environment=Prod_EastUS2_000e;migrationStage=NotStarted}
{"logTime": "1204/184527", "correlationVector":"uqF5FJKMQ/E1b8WUPo8HSf","action":"Normal GetUpdate request", "result":"", "context":cV=uqF5FJKMQ/E1b8WUPo8HSf
Nudged types: Sessions, User Consents
Refresh requested types: Bookmarks, Preferences, Passwords, Autofill Profiles, Autofill, Autofill Custom Data, Typed URLs, Extensions, Sessions, Extension settings, History Delete Directives, Device Info, User Consents, Send Tab To Self, Web Apps, Collection, Edge E Drop, Edge Hub App Usage, Edge Wallet, Encryption Keys}
{"logTime": "1204/184527", "correlationVector":"uqF5FJKMQ/E1b8WUPo8HSf.1","action":"SyncServerConnectionManagerRequest", "result":"SYNC_SERVER_OK", "context":{"environment":"Prod_EastUS2_000e", "migrationStage":"NotStarted", "server":"GENERAL0100001Y"}}
{"logTime": "1204/184527", "correlationVector":"uqF5FJKMQ/E1b8WUPo8HSf.2","action":"GetUpdates Response", "result":"SYNCER_OK", "context":Received 3 update(s). cV=uqF5FJKMQ/E1b8WUPo8HSf.0;server=GENERAL0100001Y;cloudType=Consumer;environment=Prod_EastUS2_000e;migrationStage=NotStarted}
{"logTime": "1204/184527", "correlationVector":"Tpqt6o+OrwhFpAEjedrKlF","action":"Commit Request", "result":"", "context":Item count: 4
Contributing types: Sessions, User Consents}
{"logTime": "1204/184527", "correlationVector":"Tpqt6o+OrwhFpAEjedrKlF.1","action":"SyncServerConnectionManagerRequest", "result":"SYNC_SERVER_OK", "context":{"environment":"Prod_EastUS2_000e", "migrationStage":"NotStarted", "server":"GENERAL01000032"}}
{"logTime": "1204/184527", "correlationVector":"Tpqt6o+OrwhFpAEjedrKlF.2","action":"Commit Response", "result":"SYNCER_OK", "context":Result: SYNCER_OK. cV=Tpqt6o+OrwhFpAEjedrKlF.0;server=GENERAL01000032;cloudType=Consumer;environment=Prod_EastUS2_000e;migrationStage=NotStarted}
{"logTime": "1204/184527", "correlationVector":"a5jKAwwgq/cYLpJTtG4I9j","action":"SyncServerConnectionManagerRequest", "result":"SYNC_SERVER_OK", "context":{"environment":"", "migrationStage":"", "server":""}}
{"logTime": "1204/184527", "correlationVector":"LmFgt+Ty3eFDCwj4TmqMgw","action":"Normal GetUpdate request", "result":"", "context":cV=LmFgt+Ty3eFDCwj4TmqMgw
Nudged types: Sessions}
{"logTime": "1204/184527", "correlationVector":"LmFgt+Ty3eFDCwj4TmqMgw.1","action":"SyncServerConnectionManagerRequest", "result":"SYNC_SERVER_OK", "context":{"environment":"Prod_EastUS2_000e", "migrationStage":"NotStarted", "server":"GENERAL01000036"}}
{"logTime": "1204/184527", "correlationVector":"LmFgt+Ty3eFDCwj4TmqMgw.2","action":"GetUpdates Response", "result":"SYNCER_OK", "context":Received 3 update(s). cV=LmFgt+Ty3eFDCwj4TmqMgw.0;server=GENERAL01000036;cloudType=Consumer;environment=Prod_EastUS2_000e;migrationStage=NotStarted}
{"logTime": "1204/184527", "correlationVector":"dAJj1E1I70kIZMd22FWa4Y","action":"Commit Request", "result":"", "context":Item count: 2
Contributing types: Sessions}
{"logTime": "1204/184527", "correlationVector":"dAJj1E1I70kIZMd22FWa4Y.1","action":"SyncServerConnectionManagerRequest", "result":"SYNC_SERVER_OK", "context":{"environment":"Prod_EastUS2_000e", "migrationStage":"NotStarted", "server":"GENERAL0100001I"}}
{"logTime": "1204/184527", "correlationVector":"dAJj1E1I70kIZMd22FWa4Y.3","action":"Commit.Sessions", "result":"Success", "context":{"id":"efc2d73c-e236-49af-bb99-a9597ccf4f78", "isDeleted":"true", "size":"0", "version":"1701715734305"}}
{"logTime": "1204/184527", "correlationVector":"dAJj1E1I70kIZMd22FWa4Y.2","action":"Commit Response", "result":"SYNCER_OK", "context":Result: SYNCER_OK. cV=dAJj1E1I70kIZMd22FWa4Y.0;server=GENERAL0100001I;cloudType=Consumer;environment=Prod_EastUS2_000e;migrationStage=NotStarted}
{"logTime": "1204/184527", "correlationVector":"aBaZjf4PV6QGBGfKccFpqW","action":"Normal GetUpdate request", "result":"", "context":cV=aBaZjf4PV6QGBGfKccFpqW
Nudged types: Sessions
Refresh requested types: Bookmarks, Preferences, Passwords, Autofill Profiles, Autofill, Autofill Custom Data, Typed URLs, Extensions, Sessions, Extension settings, History Delete Directives, Device Info, User Consents, Send Tab To Self, Web Apps, Collection, Edge E Drop, Edge Hub App Usage, Edge Wallet, Encryption Keys}
{"logTime": "1204/184527", "correlationVector":"aBaZjf4PV6QGBGfKccFpqW.1","action":"SyncServerConnectionManagerRequest", "result":"SYNC_SERVER_OK", "context":{"environment":"Prod_EastUS2_000e", "migrationStage":"NotStarted", "server":"GENERAL0100002X"}}
{"logTime": "1204/184527", "correlationVector":"aBaZjf4PV6QGBGfKccFpqW.2","action":"GetUpdates", "result":"DeleteReceived", "context":{"id":"efc2d73c-e236-49af-bb99-a9597ccf4f78", "isDeleted:":"true", "version":"1701715765474"}}
{"logTime": "1204/184527", "correlationVector":"aBaZjf4PV6QGBGfKccFpqW.3","action":"GetUpdates Response", "result":"SYNCER_OK", "context":Received 2 update(s). cV=aBaZjf4PV6QGBGfKccFpqW.0;server=GENERAL0100002X;cloudType=Consumer;environment=Prod_EastUS2_000e;migrationStage=NotStarted}
{"logTime": "1204/184529", "correlationVector":"9Y+/5wgXIK0TwjxbTJCJBq","action":"Commit Request", "result":"", "context":Item count: 1
Contributing types: Sessions}
{"logTime": "1204/184530", "correlationVector":"9Y+/5wgXIK0TwjxbTJCJBq.1","action":"SyncServerConnectionManagerRequest", "result":"SYNC_SERVER_OK", "context":{"environment":"Prod_EastUS2_000e", "migrationStage":"NotStarted", "server":"GENERAL01000015"}}
{"logTime": "1204/184530", "correlationVector":"9Y+/5wgXIK0TwjxbTJCJBq.2","action":"Commit Response", "result":"SYNCER_OK", "context":Result: SYNCER_OK. cV=9Y+/5wgXIK0TwjxbTJCJBq.0;server=GENERAL01000015;cloudType=Consumer;environment=Prod_EastUS2_000e;migrationStage=NotStarted}
{"logTime": "1204/184714", "correlationVector":"uK3xokMX94+aHswFXmeV2c.0","action":"FeedSettingFetch_homeCloud", "result":"0", "context":{}}
{"logTime": "1204/184714", "correlationVector":"kZ9sWfDF44ZzfRBDNUE5WR.1","action":"SyncServerConnectionManagerRequest", "result":"SYNC_SERVER_OK", "context":{"environment":"Prod_EastUS2_000e", "migrationStage":"NotStarted", "server":"GENERAL0100000M"}}
{"logTime": "1204/184714", "correlationVector":"kZ9sWfDF44ZzfRBDNUE5WR","action":"Initial GetUpdates", "result":"", "context":Reason: NEW_CLIENT. cV=kZ9sWfDF44ZzfRBDNUE5WR}
{"logTime": "1204/184714", "correlationVector":"kZ9sWfDF44ZzfRBDNUE5WR.2","action":"GetUpdates Response", "result":"SYNCER_OK", "context":Received 1 update(s). cV=kZ9sWfDF44ZzfRBDNUE5WR.0;server=GENERAL0100000M;cloudType=Consumer;environment=Prod_EastUS2_000e;migrationStage=NotStarted}
{"logTime": "1204/184714", "correlationVector":"zbMFQXX70Fr6newcXyjlSB","action":"SyncServerConnectionManagerRequest", "result":"SYNC_SERVER_OK", "context":{"environment":"", "migrationStage":"", "server":""}}
{"logTime": "1204/184714", "correlationVector":"qfeJS45YRKJMJcJrw2tugW","action":"Initial GetUpdates", "result":"", "context":Reason: NEWLY_SUPPORTED_DATATYPE. cV=qfeJS45YRKJMJcJrw2tugW}
{"logTime": "1204/184714", "correlationVector":"qfeJS45YRKJMJcJrw2tugW.1","action":"SyncServerConnectionManagerRequest", "result":"SYNC_SERVER_OK", "context":{"environment":"Prod_EastUS2_000e", "migrationStage":"NotStarted", "server":"GENERAL0100001L"}}
{"logTime": "1204/184714", "correlationVector":"qfeJS45YRKJMJcJrw2tugW.2","action":"GetUpdates Response", "result":"SYNCER_OK", "context":Received 5 update(s). cV=qfeJS45YRKJMJcJrw2tugW.0;server=GENERAL0100001L;cloudType=Consumer;environment=Prod_EastUS2_000e;migrationStage=NotStarted}
{"logTime": "1204/184714", "correlationVector":"xT1siVCz/NLBZZOpnsUMhL","action":"Normal GetUpdate request", "result":"", "context":cV=xT1siVCz/NLBZZOpnsUMhL
Nudged types: Sessions, User Consents
Refresh requested types: Bookmarks, Preferences, Passwords, Autofill Profiles, Autofill, Autofill Custom Data, Typed URLs, Extensions, Sessions, Extension settings, History Delete Directives, Device Info, User Consents, Send Tab To Self, Web Apps, Collection, Edge E Drop, Edge Hub App Usage, Edge Wallet, Encryption Keys}
{"logTime": "1204/184714", "correlationVector":"xT1siVCz/NLBZZOpnsUMhL.1","action":"SyncServerConnectionManagerRequest", "result":"SYNC_SERVER_OK", "context":{"environment":"Prod_EastUS2_000e", "migrationStage":"NotStarted", "server":"GENERAL0100002D"}}
{"logTime": "1204/184714", "correlationVector":"xT1siVCz/NLBZZOpnsUMhL.2","action":"GetUpdates Response", "result":"SYNCER_OK", "context":Received 1 update(s). cV=xT1siVCz/NLBZZOpnsUMhL.0;server=GENERAL0100002D;cloudType=Consumer;environment=Prod_EastUS2_000e;migrationStage=NotStarted}
{"logTime": "1204/184714", "correlationVector":"y7CKQo0u0jHSoXtntaKVxf","action":"Commit Request", "result":"", "context":Item count: 4
Contributing types: Sessions, User Consents}
{"logTime": "1204/184714", "correlationVector":"y7CKQo0u0jHSoXtntaKVxf.1","action":"SyncServerConnectionManagerRequest", "result":"SYNC_SERVER_OK", "context":{"environment":"Prod_EastUS2_000e", "migrationStage":"NotStarted", "server":"GENERAL0100002A"}}
{"logTime": "1204/184714", "correlationVector":"y7CKQo0u0jHSoXtntaKVxf.2","action":"Commit Response", "result":"SYNCER_OK", "context":Result: SYNCER_OK. cV=y7CKQo0u0jHSoXtntaKVxf.0;server=GENERAL0100002A;cloudType=Consumer;environment=Prod_EastUS2_000e;migrationStage=NotStarted}
{"logTime": "1204/184728", "correlationVector":"MoycmJAFiUHUp4RPssXjLz","action":"Normal GetUpdate request", "result":"", "context":cV=MoycmJAFiUHUp4RPssXjLz
Nudged types: Sessions}
{"logTime": "1204/184728", "correlationVector":"MoycmJAFiUHUp4RPssXjLz.1","action":"SyncServerConnectionManagerRequest", "result":"SYNC_SERVER_OK", "context":{"environment":"Prod_EastUS2_000e", "migrationStage":"NotStarted", "server":"GENERAL0100000T"}}
{"logTime": "1204/184728", "correlationVector":"MoycmJAFiUHUp4RPssXjLz.2","action":"GetUpdates Response", "result":"SYNCER_OK", "context":Received 3 update(s). cV=MoycmJAFiUHUp4RPssXjLz.0;server=GENERAL0100000T;cloudType=Consumer;environment=Prod_EastUS2_000e;migrationStage=NotStarted}
{"logTime": "1204/184728", "correlationVector":"m5t7t8td6/ncMjmOVMUBwP","action":"Commit Request", "result":"", "context":Item count: 2
Contributing types: Sessions}
{"logTime": "1204/184728", "correlationVector":"m5t7t8td6/ncMjmOVMUBwP.1","action":"SyncServerConnectionManagerRequest", "result":"SYNC_SERVER_OK", "context":{"environment":"Prod_EastUS2_000e", "migrationStage":"NotStarted", "server":"GENERAL0100002Z"}}
{"logTime": "1204/184728", "correlationVector":"m5t7t8td6/ncMjmOVMUBwP.3","action":"Commit.Sessions", "result":"Success", "context":{"id":"286aa1e8-abd1-45f8-9b44-4cbec097cde7", "isDeleted":"true", "size":"0", "version":"1701715883017"}}
{"logTime": "1204/184728", "correlationVector":"m5t7t8td6/ncMjmOVMUBwP.2","action":"Commit Response", "result":"SYNCER_OK", "context":Result: SYNCER_OK. cV=m5t7t8td6/ncMjmOVMUBwP.0;server=GENERAL0100002Z;cloudType=Consumer;environment=Prod_EastUS2_000e;migrationStage=NotStarted}
{"logTime": "1204/184758", "correlationVector":"ysgDewT3986D5j+b8kxoDI","action":"Commit Request", "result":"", "context":Item count: 1
Contributing types: Sessions}
{"logTime": "1204/184759", "correlationVector":"ysgDewT3986D5j+b8kxoDI.1","action":"SyncServerConnectionManagerRequest", "result":"SYNC_SERVER_OK", "context":{"environment":"Prod_EastUS2_000e", "migrationStage":"NotStarted", "server":"GENERAL0100002D"}}
{"logTime": "1204/184759", "correlationVector":"ysgDewT3986D5j+b8kxoDI.2","action":"Commit Response", "result":"SYNCER_OK", "context":Result: SYNCER_OK. cV=ysgDewT3986D5j+b8kxoDI.0;server=GENERAL0100002D;cloudType=Consumer;environment=Prod_EastUS2_000e;migrationStage=NotStarted}
{"logTime": "1204/184849", "correlationVector":"P+Qhd2TIWHLLlIzEDRL1Q5","action":"Commit Request", "result":"", "context":Item count: 1
Contributing types: Sessions}
{"logTime": "1204/184850", "correlationVector":"P+Qhd2TIWHLLlIzEDRL1Q5.1","action":"SyncServerConnectionManagerRequest", "result":"SYNC_SERVER_OK", "context":{"environment":"Prod_EastUS2_000e", "migrationStage":"NotStarted", "server":"GENERAL0100003B"}}
{"logTime": "1204/184850", "correlationVector":"P+Qhd2TIWHLLlIzEDRL1Q5.2","action":"Commit Response", "result":"SYNCER_OK", "context":Result: SYNCER_OK. cV=P+Qhd2TIWHLLlIzEDRL1Q5.0;server=GENERAL0100003B;cloudType=Consumer;environment=Prod_EastUS2_000e;migrationStage=NotStarted}
{"logTime": "1204/184957", "correlationVector":"OC9wzlzZ3+tUchWTwdYULQ","action":"Commit Request", "result":"", "context":Item count: 1
Contributing types: Sessions}
{"logTime": "1204/184958", "correlationVector":"OC9wzlzZ3+tUchWTwdYULQ.1","action":"SyncServerConnectionManagerRequest", "result":"SYNC_SERVER_OK", "context":{"environment":"Prod_EastUS2_000e", "migrationStage":"NotStarted", "server":"GENERAL0100002D"}}
{"logTime": "1204/184958", "correlationVector":"OC9wzlzZ3+tUchWTwdYULQ.2","action":"Commit Response", "result":"SYNCER_OK", "context":Result: SYNCER_OK. cV=OC9wzlzZ3+tUchWTwdYULQ.0;server=GENERAL0100002D;cloudType=Consumer;environment=Prod_EastUS2_000e;migrationStage=NotStarted}
{"logTime": "1204/185031", "correlationVector":"YIoXiDxSotI4tpoOt58AsL","action":"Commit Request", "result":"", "context":Item count: 1
Contributing types: Sessions}
{"logTime": "1204/185031", "correlationVector":"YIoXiDxSotI4tpoOt58AsL.1","action":"SyncServerConnectionManagerRequest", "result":"SYNC_SERVER_OK", "context":{"environment":"Prod_EastUS2_000e", "migrationStage":"NotStarted", "server":"GENERAL01000034"}}
{"logTime": "1204/185031", "correlationVector":"YIoXiDxSotI4tpoOt58AsL.2","action":"Commit Response", "result":"SYNCER_OK", "context":Result: SYNCER_OK. cV=YIoXiDxSotI4tpoOt58AsL.0;server=GENERAL01000034;cloudType=Consumer;environment=Prod_EastUS2_000e;migrationStage=NotStarted}
{"logTime": "1204/185122", "correlationVector":"KAaovzYiMg6c+0eQv1mGl8","action":"Commit Request", "result":"", "context":Item count: 1
Contributing types: Sessions}
{"logTime": "1204/185122", "correlationVector":"KAaovzYiMg6c+0eQv1mGl8.1","action":"SyncServerConnectionManagerRequest", "result":"SYNC_SERVER_OK", "context":{"environment":"Prod_EastUS2_000e", "migrationStage":"NotStarted", "server":"GENERAL0100002I"}}
{"logTime": "1204/185122", "correlationVector":"KAaovzYiMg6c+0eQv1mGl8.2","action":"Commit Response", "result":"SYNCER_OK", "context":Result: SYNCER_OK. cV=KAaovzYiMg6c+0eQv1mGl8.0;server=GENERAL0100002I;cloudType=Consumer;environment=Prod_EastUS2_000e;migrationStage=NotStarted}
{"logTime": "1204/185156", "correlationVector":"QFQZcCC0+SO66McrubIiJR","action":"Normal GetUpdate request", "result":"", "context":cV=QFQZcCC0+SO66McrubIiJR
Nudged types: Preferences, Sessions
Refresh requested types: Bookmarks, Preferences, Passwords, Autofill Profiles, Autofill, Autofill Custom Data, Typed URLs, Extensions, Sessions, Extension settings, History Delete Directives, Device Info, User Consents, Send Tab To Self, Web Apps, Collection, Edge E Drop, Edge Hub App Usage, Edge Wallet, Encryption Keys}
{"logTime": "1204/185156", "correlationVector":"QFQZcCC0+SO66McrubIiJR.1","action":"SyncServerConnectionManagerRequest", "result":"SYNC_SERVER_OK", "context":{"environment":"Prod_EastUS2_000e", "migrationStage":"NotStarted", "server":"GENERAL0100001T"}}
{"logTime": "1204/185156", "correlationVector":"QFQZcCC0+SO66McrubIiJR.2","action":"GetUpdates", "result":"DeleteReceived", "context":{"id":"286aa1e8-abd1-45f8-9b44-4cbec097cde7", "isDeleted:":"true", "version":"1701715914006"}}
{"logTime": "1204/185156", "correlationVector":"QFQZcCC0+SO66McrubIiJR.3","action":"GetUpdates Response", "result":"SYNCER_OK", "context":Received 2 update(s). cV=QFQZcCC0+SO66McrubIiJR.0;server=GENERAL0100001T;cloudType=Consumer;environment=Prod_EastUS2_000e;migrationStage=NotStarted}
{"logTime": "1204/185156", "correlationVector":"Jk+Co9DqItkLczyG6/R5pA","action":"Commit Request", "result":"", "context":Item count: 2
Contributing types: Preferences, Sessions}
{"logTime": "1204/185157", "correlationVector":"Jk+Co9DqItkLczyG6/R5pA.1","action":"SyncServerConnectionManagerRequest", "result":"SYNC_SERVER_OK", "context":{"environment":"Prod_EastUS2_000e", "migrationStage":"NotStarted", "server":"GENERAL0100000C"}}
{"logTime": "1204/185157", "correlationVector":"Jk+Co9DqItkLczyG6/R5pA.2","action":"Commit Response", "result":"SYNCER_OK", "context":Result: SYNCER_OK. cV=Jk+Co9DqItkLczyG6/R5pA.0;server=GENERAL0100000C;cloudType=Consumer;environment=Prod_EastUS2_000e;migrationStage=NotStarted}
{"logTime": "1204/185247", "correlationVector":"QW9HcQlt3n418YgqTly1z+","action":"Commit Request", "result":"", "context":Item count: 1
Contributing types: Sessions}
{"logTime": "1204/185247", "correlationVector":"QW9HcQlt3n418YgqTly1z+.1","action":"SyncServerConnectionManagerRequest", "result":"SYNC_SERVER_OK", "context":{"environment":"Prod_EastUS2_000e", "migrationStage":"NotStarted", "server":"GENERAL01000024"}}
{"logTime": "1204/185247", "correlationVector":"QW9HcQlt3n418YgqTly1z+.2","action":"Commit Response", "result":"SYNCER_OK", "context":Result: SYNCER_OK. cV=QW9HcQlt3n418YgqTly1z+.0;server=GENERAL01000024;cloudType=Consumer;environment=Prod_EastUS2_000e;migrationStage=NotStarted}
{"logTime": "1204/185333", "correlationVector":"SMPVmuxsyKLAwVy5W4/ZMP","action":"Commit Request", "result":"", "context":Item count: 1
Contributing types: Sessions}
{"logTime": "1204/185334", "correlationVector":"SMPVmuxsyKLAwVy5W4/ZMP.1","action":"SyncServerConnectionManagerRequest", "result":"SYNC_SERVER_OK", "context":{"environment":"Prod_EastUS2_000e", "migrationStage":"NotStarted", "server":"GENERAL01000003"}}
{"logTime": "1204/185334", "correlationVector":"SMPVmuxsyKLAwVy5W4/ZMP.2","action":"Commit Response", "result":"SYNCER_OK", "context":Result: SYNCER_OK. cV=SMPVmuxsyKLAwVy5W4/ZMP.0;server=GENERAL01000003;cloudType=Consumer;environment=Prod_EastUS2_000e;migrationStage=NotStarted}
{"logTime": "1204/185420", "correlationVector":"QXK6Mr55teX0fMvHqOzB7F","action":"Commit Request", "result":"", "context":Item count: 1
Contributing types: Sessions}
{"logTime": "1204/185420", "correlationVector":"QXK6Mr55teX0fMvHqOzB7F.1","action":"SyncServerConnectionManagerRequest", "result":"SYNC_SERVER_OK", "context":{"environment":"Prod_EastUS2_000e", "migrationStage":"NotStarted", "server":"GENERAL01000029"}}
{"logTime": "1204/185420", "correlationVector":"QXK6Mr55teX0fMvHqOzB7F.2","action":"Commit Response", "result":"SYNCER_OK", "context":Result: SYNCER_OK. cV=QXK6Mr55teX0fMvHqOzB7F.0;server=GENERAL01000029;cloudType=Consumer;environment=Prod_EastUS2_000e;migrationStage=NotStarted}
{"logTime": "1204/185450", "correlationVector":"Afj/VQ1HpFzX0n0z0PT6bL","action":"Commit Request", "result":"", "context":Item count: 1
Contributing types: Sessions}
{"logTime": "1204/185451", "correlationVector":"Afj/VQ1HpFzX0n0z0PT6bL.1","action":"SyncServerConnectionManagerRequest", "result":"SYNC_SERVER_OK", "context":{"environment":"Prod_EastUS2_000e", "migrationStage":"NotStarted", "server":"GENERAL01000014"}}
{"logTime": "1204/185451", "correlationVector":"Afj/VQ1HpFzX0n0z0PT6bL.2","action":"Commit Response", "result":"SYNCER_OK", "context":Result: SYNCER_OK. cV=Afj/VQ1HpFzX0n0z0PT6bL.0;server=GENERAL01000014;cloudType=Consumer;environment=Prod_EastUS2_000e;migrationStage=NotStarted}
{"logTime": "1204/185533", "correlationVector":"wzzBMx3GskaXwvycLS2MMZ","action":"Commit Request", "result":"", "context":Item count: 1
Contributing types: Sessions}
{"logTime": "1204/185533", "correlationVector":"wzzBMx3GskaXwvycLS2MMZ.1","action":"SyncServerConnectionManagerRequest", "result":"SYNC_SERVER_OK", "context":{"environment":"Prod_EastUS2_000e", "migrationStage":"NotStarted", "server":"GENERAL0100001D"}}
{"logTime": "1204/185533", "correlationVector":"wzzBMx3GskaXwvycLS2MMZ.2","action":"Commit Response", "result":"SYNCER_OK", "context":Result: SYNCER_OK. cV=wzzBMx3GskaXwvycLS2MMZ.0;server=GENERAL0100001D;cloudType=Consumer;environment=Prod_EastUS2_000e;migrationStage=NotStarted}
{"logTime": "1204/185625", "correlationVector":"+G6mHd3m6fEv0q8qFXFk94","action":"Commit Request", "result":"", "context":Item count: 1
Contributing types: Sessions}
{"logTime": "1204/185625", "correlationVector":"+G6mHd3m6fEv0q8qFXFk94.1","action":"SyncServerConnectionManagerRequest", "result":"SYNC_SERVER_OK", "context":{"environment":"Prod_EastUS2_000e", "migrationStage":"NotStarted", "server":"GENERAL0100002Y"}}
{"logTime": "1204/185625", "correlationVector":"+G6mHd3m6fEv0q8qFXFk94.2","action":"Commit Response", "result":"SYNCER_OK", "context":Result: SYNCER_OK. cV=+G6mHd3m6fEv0q8qFXFk94.0;server=GENERAL0100002Y;cloudType=Consumer;environment=Prod_EastUS2_000e;migrationStage=NotStarted}
{"logTime": "1204/185703", "correlationVector":"j2S+2oJrg9AM/tFe7bwPNy","action":"Commit Request", "result":"", "context":Item count: 1
Contributing types: Sessions}
{"logTime": "1204/185703", "correlationVector":"j2S+2oJrg9AM/tFe7bwPNy.1","action":"SyncServerConnectionManagerRequest", "result":"SYNC_SERVER_OK", "context":{"environment":"Prod_EastUS2_000e", "migrationStage":"NotStarted", "server":"GENERAL01000015"}}
{"logTime": "1204/185703", "correlationVector":"j2S+2oJrg9AM/tFe7bwPNy.2","action":"Commit Response", "result":"SYNCER_OK", "context":Result: SYNCER_OK. cV=j2S+2oJrg9AM/tFe7bwPNy.0;server=GENERAL01000015;cloudType=Consumer;environment=Prod_EastUS2_000e;migrationStage=NotStarted}
{"logTime": "1204/185735", "correlationVector":"VoV9mDNLxsifd5kED09fe2","action":"Commit Request", "result":"", "context":Item count: 1
Contributing types: Sessions}
{"logTime": "1204/185736", "correlationVector":"VoV9mDNLxsifd5kED09fe2.1","action":"SyncServerConnectionManagerRequest", "result":"SYNC_SERVER_OK", "context":{"environment":"Prod_EastUS2_000e", "migrationStage":"NotStarted", "server":"GENERAL0100001Q"}}
{"logTime": "1204/185736", "correlationVector":"VoV9mDNLxsifd5kED09fe2.2","action":"Commit Response", "result":"SYNCER_OK", "context":Result: SYNCER_OK. cV=VoV9mDNLxsifd5kED09fe2.0;server=GENERAL0100001Q;cloudType=Consumer;environment=Prod_EastUS2_000e;migrationStage=NotStarted}
{"logTime": "1204/185807", "correlationVector":"81EYXmWAbwaiilHG1+vpWu","action":"Commit Request", "result":"", "context":Item count: 1
Contributing types: Sessions}
{"logTime": "1204/185807", "correlationVector":"81EYXmWAbwaiilHG1+vpWu.1","action":"SyncServerConnectionManagerRequest", "result":"SYNC_SERVER_OK", "context":{"environment":"Prod_EastUS2_000e", "migrationStage":"NotStarted", "server":"GENERAL01000011"}}
{"logTime": "1204/185807", "correlationVector":"81EYXmWAbwaiilHG1+vpWu.2","action":"Commit Response", "result":"SYNCER_OK", "context":Result: SYNCER_OK. cV=81EYXmWAbwaiilHG1+vpWu.0;server=GENERAL01000011;cloudType=Consumer;environment=Prod_EastUS2_000e;migrationStage=NotStarted}
{"logTime": "1204/185902", "correlationVector":"o5izM2kx9miS5oIHpwGUIg","action":"Commit Request", "result":"", "context":Item count: 1
Contributing types: Sessions}
{"logTime": "1204/185903", "correlationVector":"o5izM2kx9miS5oIHpwGUIg.1","action":"SyncServerConnectionManagerRequest", "result":"SYNC_SERVER_OK", "context":{"environment":"Prod_EastUS_000w", "migrationStage":"NotStarted", "server":"GENERAL0100000C"}}
{"logTime": "1204/185903", "correlationVector":"o5izM2kx9miS5oIHpwGUIg.2","action":"Commit Response", "result":"SYNCER_OK", "context":Result: SYNCER_OK. cV=o5izM2kx9miS5oIHpwGUIg.0;server=GENERAL0100000C;cloudType=Consumer;environment=Prod_EastUS_000w;migrationStage=NotStarted}
{"logTime": "1204/185948", "correlationVector":"voCay2VPh5gOGpBKt+tkTH","action":"Commit Request", "result":"", "context":Item count: 1
Contributing types: Sessions}
{"logTime": "1204/185948", "correlationVector":"voCay2VPh5gOGpBKt+tkTH.1","action":"SyncServerConnectionManagerRequest", "result":"SYNC_SERVER_OK", "context":{"environment":"Prod_EastUS2_000e", "migrationStage":"NotStarted", "server":"GENERAL01000009"}}
{"logTime": "1204/185948", "correlationVector":"voCay2VPh5gOGpBKt+tkTH.2","action":"Commit Response", "result":"SYNCER_OK", "context":Result: SYNCER_OK. cV=voCay2VPh5gOGpBKt+tkTH.0;server=GENERAL01000009;cloudType=Consumer;environment=Prod_EastUS2_000e;migrationStage=NotStarted}
{"logTime": "1204/190059", "correlationVector":"iDisifpegXjD/rj7j2CaT4","action":"Commit Request", "result":"", "context":Item count: 1
Contributing types: Sessions}
{"logTime": "1204/190059", "correlationVector":"iDisifpegXjD/rj7j2CaT4.1","action":"SyncServerConnectionManagerRequest", "result":"SYNC_SERVER_OK", "context":{"environment":"Prod_EastUS2_000e", "migrationStage":"NotStarted", "server":"GENERAL0100001Z"}}
{"logTime": "1204/190059", "correlationVector":"iDisifpegXjD/rj7j2CaT4.2","action":"Commit Response", "result":"SYNCER_OK", "context":Result: SYNCER_OK. cV=iDisifpegXjD/rj7j2CaT4.0;server=GENERAL0100001Z;cloudType=Consumer;environment=Prod_EastUS2_000e;migrationStage=NotStarted}
{"logTime": "1204/190140", "correlationVector":"FzbSfDw6gHAQhAt6AzwyuY","action":"Commit Request", "result":"", "context":Item count: 1
Contributing types: Sessions}
{"logTime": "1204/190140", "correlationVector":"FzbSfDw6gHAQhAt6AzwyuY.1","action":"SyncServerConnectionManagerRequest", "result":"SYNC_SERVER_OK", "context":{"environment":"Prod_EastUS2_000e", "migrationStage":"NotStarted", "server":"GENERAL0100002A"}}
{"logTime": "1204/190140", "correlationVector":"FzbSfDw6gHAQhAt6AzwyuY.2","action":"Commit Response", "result":"SYNCER_OK", "context":Result: SYNCER_OK. cV=FzbSfDw6gHAQhAt6AzwyuY.0;server=GENERAL0100002A;cloudType=Consumer;environment=Prod_EastUS2_000e;migrationStage=NotStarted}
{"logTime": "1204/190243", "correlationVector":"SNDcslEFR/j4rosJTCHeIM","action":"Commit Request", "result":"", "context":Item count: 1
Contributing types: Sessions}
{"logTime": "1204/190244", "correlationVector":"SNDcslEFR/j4rosJTCHeIM.1","action":"SyncServerConnectionManagerRequest", "result":"SYNC_SERVER_OK", "context":{"environment":"Prod_EastUS2_000e", "migrationStage":"NotStarted", "server":"GENERAL0100000F"}}
{"logTime": "1204/190244", "correlationVector":"SNDcslEFR/j4rosJTCHeIM.2","action":"Commit Response", "result":"SYNCER_OK", "context":Result: SYNCER_OK. cV=SNDcslEFR/j4rosJTCHeIM.0;server=GENERAL0100000F;cloudType=Consumer;environment=Prod_EastUS2_000e;migrationStage=NotStarted}
{"logTime": "1204/190402", "correlationVector":"z1d9RVGcmOpH7lBUqFWI7Z","action":"Commit Request", "result":"", "context":Item count: 1
Contributing types: Sessions}
{"logTime": "1204/190402", "correlationVector":"z1d9RVGcmOpH7lBUqFWI7Z.1","action":"SyncServerConnectionManagerRequest", "result":"SYNC_SERVER_OK", "context":{"environment":"Prod_EastUS_000w", "migrationStage":"NotStarted", "server":"GENERAL0100000X"}}
{"logTime": "1204/190402", "correlationVector":"z1d9RVGcmOpH7lBUqFWI7Z.2","action":"Commit Response", "result":"SYNCER_OK", "context":Result: SYNCER_OK. cV=z1d9RVGcmOpH7lBUqFWI7Z.0;server=GENERAL0100000X;cloudType=Consumer;environment=Prod_EastUS_000w;migrationStage=NotStarted}
{"logTime": "1204/190458", "correlationVector":"RyS7Xx+ZZ5gsWtPO71OeUl","action":"Commit Request", "result":"", "context":Item count: 1
Contributing types: Sessions}
{"logTime": "1204/190458", "correlationVector":"RyS7Xx+ZZ5gsWtPO71OeUl.1","action":"SyncServerConnectionManagerRequest", "result":"SYNC_SERVER_OK", "context":{"environment":"Prod_EastUS2_000e", "migrationStage":"NotStarted", "server":"GENERAL0100002S"}}
{"logTime": "1204/190458", "correlationVector":"RyS7Xx+ZZ5gsWtPO71OeUl.2","action":"Commit Response", "result":"SYNCER_OK", "context":Result: SYNCER_OK. cV=RyS7Xx+ZZ5gsWtPO71OeUl.0;server=GENERAL0100002S;cloudType=Consumer;environment=Prod_EastUS2_000e;migrationStage=NotStarted}
{"logTime": "1204/191515", "correlationVector":"45cXYYcN6yL5wuyuajFAm7.0","action":"FeedSettingFetch_homeCloud", "result":"0", "context":{}}
{"logTime": "1204/191517", "correlationVector":"TinBRmbDduiSAWU4rrPzlH.1","action":"SyncServerConnectionManagerRequest", "result":"SYNC_SERVER_OK", "context":{"environment":"Prod_EastUS2_000e", "migrationStage":"NotStarted", "server":"GENERAL01000021"}}
{"logTime": "1204/191519", "correlationVector":"TinBRmbDduiSAWU4rrPzlH","action":"Initial GetUpdates", "result":"", "context":Reason: NEW_CLIENT. cV=TinBRmbDduiSAWU4rrPzlH}
{"logTime": "1204/191519", "correlationVector":"TinBRmbDduiSAWU4rrPzlH.2","action":"GetUpdates Response", "result":"SYNCER_OK", "context":Received 1 update(s). cV=TinBRmbDduiSAWU4rrPzlH.0;server=GENERAL01000021;cloudType=Consumer;environment=Prod_EastUS2_000e;migrationStage=NotStarted}
{"logTime": "1204/191519", "correlationVector":"9HIl3nHVa2H+TfJm69iZgQ","action":"Initial GetUpdates", "result":"", "context":Reason: NEWLY_SUPPORTED_DATATYPE. cV=9HIl3nHVa2H+TfJm69iZgQ}
{"logTime": "1204/191519", "correlationVector":"9HIl3nHVa2H+TfJm69iZgQ.1","action":"SyncServerConnectionManagerRequest", "result":"SYNC_SERVER_OK", "context":{"environment":"Prod_EastUS2_000e", "migrationStage":"NotStarted", "server":"GENERAL0100000K"}}
{"logTime": "1204/191519", "correlationVector":"9HIl3nHVa2H+TfJm69iZgQ.2","action":"GetUpdates Response", "result":"SYNCER_OK", "context":Received 5 update(s). cV=9HIl3nHVa2H+TfJm69iZgQ.0;server=GENERAL0100000K;cloudType=Consumer;environment=Prod_EastUS2_000e;migrationStage=NotStarted}
{"logTime": "1204/191519", "correlationVector":"DSMkJcsPHABL5VRPq1VYVK","action":"SyncServerConnectionManagerRequest", "result":"SYNC_SERVER_OK", "context":{"environment":"", "migrationStage":"", "server":""}}
{"logTime": "1204/191519", "correlationVector":"XK9Ryb84WqTpr372PIi8gS","action":"Normal GetUpdate request", "result":"", "context":cV=XK9Ryb84WqTpr372PIi8gS
Nudged types: Sessions, User Consents
Refresh requested types: Bookmarks, Preferences, Passwords, Autofill Profiles, Autofill, Autofill Custom Data, Typed URLs, Extensions, Sessions, Extension settings, History Delete Directives, Device Info, User Consents, Send Tab To Self, Web Apps, Collection, Edge E Drop, Edge Hub App Usage, Edge Wallet, Encryption Keys}
{"logTime": "1204/191519", "correlationVector":"XK9Ryb84WqTpr372PIi8gS.1","action":"SyncServerConnectionManagerRequest", "result":"SYNC_SERVER_OK", "context":{"environment":"Prod_EastUS2_000e", "migrationStage":"NotStarted", "server":"GENERAL0100000X"}}
{"logTime": "1204/191519", "correlationVector":"XK9Ryb84WqTpr372PIi8gS.2","action":"GetUpdates Response", "result":"SYNCER_OK", "context":Received 3 update(s). cV=XK9Ryb84WqTpr372PIi8gS.0;server=GENERAL0100000X;cloudType=Consumer;environment=Prod_EastUS2_000e;migrationStage=NotStarted}
{"logTime": "1204/191519", "correlationVector":"wl7pFHsJ0O8NZ95siieRiC","action":"Commit Request", "result":"", "context":Item count: 4
Contributing types: Sessions, User Consents}
{"logTime": "1204/191519", "correlationVector":"wl7pFHsJ0O8NZ95siieRiC.1","action":"SyncServerConnectionManagerRequest", "result":"SYNC_SERVER_OK", "context":{"environment":"Prod_EastUS_000w", "migrationStage":"NotStarted", "server":"GENERAL0100000V"}}
{"logTime": "1204/191519", "correlationVector":"wl7pFHsJ0O8NZ95siieRiC.2","action":"Commit Response", "result":"SYNCER_OK", "context":Result: SYNCER_OK. cV=wl7pFHsJ0O8NZ95siieRiC.0;server=GENERAL0100000V;cloudType=Consumer;environment=Prod_EastUS_000w;migrationStage=NotStarted}
{"logTime": "1204/191519", "correlationVector":"qFHv/3FpuZGkw7+fI/HD0g","action":"Normal GetUpdate request", "result":"", "context":cV=qFHv/3FpuZGkw7+fI/HD0g
Nudged types: Sessions
Refresh requested types: Bookmarks, Preferences, Passwords, Autofill Profiles, Autofill, Autofill Custom Data, Typed URLs, Extensions, Sessions, Extension settings, History Delete Directives, Device Info, User Consents, Send Tab To Self, Web Apps, Collection, Edge E Drop, Edge Hub App Usage, Edge Wallet, Encryption Keys}
{"logTime": "1204/191519", "correlationVector":"qFHv/3FpuZGkw7+fI/HD0g.1","action":"SyncServerConnectionManagerRequest", "result":"SYNC_SERVER_OK", "context":{"environment":"Prod_EastUS2_000e", "migrationStage":"NotStarted", "server":"GENERAL0100000E"}}
{"logTime": "1204/191519", "correlationVector":"qFHv/3FpuZGkw7+fI/HD0g.2","action":"GetUpdates Response", "result":"SYNCER_OK", "context":Received 3 update(s). cV=qFHv/3FpuZGkw7+fI/HD0g.0;server=GENERAL0100000E;cloudType=Consumer;environment=Prod_EastUS2_000e;migrationStage=NotStarted}
{"logTime": "1204/191532", "correlationVector":"GQ9n9TqCDrDITi2NDFDYS9","action":"Commit Request", "result":"", "context":Item count: 2
Contributing types: Sessions}
{"logTime": "1204/191533", "correlationVector":"GQ9n9TqCDrDITi2NDFDYS9.1","action":"SyncServerConnectionManagerRequest", "result":"SYNC_SERVER_OK", "context":{"environment":"Prod_EastUS2_000e", "migrationStage":"NotStarted", "server":"GENERAL01000003"}}
{"logTime": "1204/191533", "correlationVector":"GQ9n9TqCDrDITi2NDFDYS9.3","action":"Commit.Sessions", "result":"Success", "context":{"id":"ce06b0d7-8f68-403e-bf93-31cec4bd509f", "isDeleted":"true", "size":"0", "version":"1701717562706"}}
{"logTime": "1204/191533", "correlationVector":"GQ9n9TqCDrDITi2NDFDYS9.2","action":"Commit Response", "result":"SYNCER_OK", "context":Result: SYNCER_OK. cV=GQ9n9TqCDrDITi2NDFDYS9.0;server=GENERAL01000003;cloudType=Consumer;environment=Prod_EastUS2_000e;migrationStage=NotStarted}
